2011/12/12 15:26:11 [warning] [application] Failed to set unsafe attribute "description" of "LectureForm".
in D:\PHP's Projects\flexiblearning\svn\trunk\src\flexiblearning2\protected\controllers\LectureController.php (66)
in D:\PHP's Projects\flexiblearning\svn\trunk\src\flexiblearning2\index.php (13)
2011/12/12 15:29:28 [warning] [application] Failed to set unsafe attribute "description" of "LectureForm".
in D:\PHP's Projects\flexiblearning\svn\trunk\src\flexiblearning2\protected\controllers\LectureController.php (66)
in D:\PHP's Projects\flexiblearning\svn\trunk\src\flexiblearning2\index.php (13)
2011/12/12 15:32:48 [warning] [application] Failed to set unsafe attribute "description" of "LectureForm".
in D:\PHP's Projects\flexiblearning\svn\trunk\src\flexiblearning2\protected\controllers\LectureController.php (66)
in D:\PHP's Projects\flexiblearning\svn\trunk\src\flexiblearning2\index.php (13)
2011/12/12 15:33:46 [warning] [application] Failed to set unsafe attribute "description" of "LectureForm".
in D:\PHP's Projects\flexiblearning\svn\trunk\src\flexiblearning2\protected\controllers\LectureController.php (66)
in D:\PHP's Projects\flexiblearning\svn\trunk\src\flexiblearning2\index.php (13)
2011/12/12 15:42:53 [error] [exception.CException] exception 'CException' with message 'Property "CActiveForm.enctype" is not defined.' in D:\PHP's Projects\flexiblearning\svn\trunk\src\flexiblearning2\framework\base\CComponent.php:174
Stack trace:
#0 D:\PHP's Projects\flexiblearning\svn\trunk\src\flexiblearning2\framework\web\CWidgetFactory.php(162): CComponent->__set('enctype', 'multipart/form-...')
#1 D:\PHP's Projects\flexiblearning\svn\trunk\src\flexiblearning2\framework\web\CBaseController.php(139): CWidgetFactory->createWidget(Object(LectureController), 'CActiveForm', Array)
#2 D:\PHP's Projects\flexiblearning\svn\trunk\src\flexiblearning2\framework\web\CBaseController.php(182): CBaseController->createWidget('CActiveForm', Array)
#3 D:\PHP's Projects\flexiblearning\svn\trunk\src\flexiblearning2\protected\views\lecture\_form.php(11): CBaseController->beginWidget('CActiveForm', Array)
#4 D:\PHP's Projects\flexiblearning\svn\trunk\src\flexiblearning2\framework\web\CBaseController.php(119): require('D:\PHP's Projec...')
#5 D:\PHP's Projects\flexiblearning\svn\trunk\src\flexiblearning2\framework\web\CBaseController.php(88): CBaseController->renderInternal('D:\PHP's Projec...', Array, true)
#6 D:\PHP's Projects\flexiblearning\svn\trunk\src\flexiblearning2\framework\web\CController.php(866): CBaseController->renderFile('D:\PHP's Projec...', Array, true)
#7 D:\PHP's Projects\flexiblearning\svn\trunk\src\flexiblearning2\protected\views\lecture\create.php(16): CController->renderPartial('_form', Array)
#8 D:\PHP's Projects\flexiblearning\svn\trunk\src\flexiblearning2\framework\web\CBaseController.php(119): require('D:\PHP's Projec...')
#9 D:\PHP's Projects\flexiblearning\svn\trunk\src\flexiblearning2\framework\web\CBaseController.php(88): CBaseController->renderInternal('D:\PHP's Projec...', Array, true)
#10 D:\PHP's Projects\flexiblearning\svn\trunk\src\flexiblearning2\framework\web\CController.php(866): CBaseController->renderFile('D:\PHP's Projec...', Array, true)
#11 D:\PHP's Projects\flexiblearning\svn\trunk\src\flexiblearning2\framework\web\CController.php(779): CController->renderPartial('create', Array, true)
#12 D:\PHP's Projects\flexiblearning\svn\trunk\src\flexiblearning2\protected\controllers\LectureController.php(81): CController->render('create', Array)
#13 D:\PHP's Projects\flexiblearning\svn\trunk\src\flexiblearning2\framework\web\actions\CInlineAction.php(50): LectureController->actionCreate()
#14 D:\PHP's Projects\flexiblearning\svn\trunk\src\flexiblearning2\framework\web\CController.php(300): CInlineAction->runWithParams(Array)
#15 D:\PHP's Projects\flexiblearning\svn\trunk\src\flexiblearning2\framework\web\filters\CFilterChain.php(134): CController->runAction(Object(CInlineAction))
#16 D:\PHP's Projects\flexiblearning\svn\trunk\src\flexiblearning2\framework\web\filters\CFilter.php(41): CFilterChain->run()
#17 D:\PHP's Projects\flexiblearning\svn\trunk\src\flexiblearning2\framework\web\CController.php(1144): CFilter->filter(Object(CFilterChain))
#18 D:\PHP's Projects\flexiblearning\svn\trunk\src\flexiblearning2\framework\web\filters\CInlineFilter.php(59): CController->filterAccessControl(Object(CFilterChain))
#19 D:\PHP's Projects\flexiblearning\svn\trunk\src\flexiblearning2\framework\web\filters\CFilterChain.php(131): CInlineFilter->filter(Object(CFilterChain))
#20 D:\PHP's Projects\flexiblearning\svn\trunk\src\flexiblearning2\framework\web\CController.php(283): CFilterChain->run()
#21 D:\PHP's Projects\flexiblearning\svn\trunk\src\flexiblearning2\framework\web\CController.php(257): CController->runActionWithFilters(Object(CInlineAction), Array)
#22 D:\PHP's Projects\flexiblearning\svn\trunk\src\flexiblearning2\framework\web\CWebApplication.php(277): CController->run('create')
#23 D:\PHP's Projects\flexiblearning\svn\trunk\src\flexiblearning2\framework\web\CWebApplication.php(136): CWebApplication->runController('lecture/create')
#24 D:\PHP's Projects\flexiblearning\svn\trunk\src\flexiblearning2\framework\base\CApplication.php(158): CWebApplication->processRequest()
#25 D:\PHP's Projects\flexiblearning\svn\trunk\src\flexiblearning2\index.php(13): CApplication->run()
#26 {main} REQUEST_URI=/index.php/lecture/create
2011/12/12 15:44:51 [warning] [application] Failed to set unsafe attribute "enctype" of "LectureForm".
in D:\PHP's Projects\flexiblearning\svn\trunk\src\flexiblearning2\protected\models\LectureForm.php (44)
in D:\PHP's Projects\flexiblearning\svn\trunk\src\flexiblearning2\protected\controllers\LectureController.php (60)
in D:\PHP's Projects\flexiblearning\svn\trunk\src\flexiblearning2\index.php (13)
2011/12/12 15:45:26 [warning] [application] Failed to set unsafe attribute "enctype" of "LectureForm".
in D:\PHP's Projects\flexiblearning\svn\trunk\src\flexiblearning2\protected\models\LectureForm.php (44)
in D:\PHP's Projects\flexiblearning\svn\trunk\src\flexiblearning2\protected\controllers\LectureController.php (60)
in D:\PHP's Projects\flexiblearning\svn\trunk\src\flexiblearning2\index.php (13)
2011/12/12 15:47:52 [warning] [application] Failed to set unsafe attribute "description" of "LectureForm".
in D:\PHP's Projects\flexiblearning\svn\trunk\src\flexiblearning2\protected\controllers\LectureController.php (66)
in D:\PHP's Projects\flexiblearning\svn\trunk\src\flexiblearning2\index.php (13)
2011/12/12 15:47:52 [error] [php] Undefined variable: dir (D:\PHP's Projects\flexiblearning\svn\trunk\src\flexiblearning2\protected\controllers\LectureController.php:70)
Stack trace:
#0 D:\PHP's Projects\flexiblearning\svn\trunk\src\flexiblearning2\framework\web\filters\CFilterChain.php(134): LectureController->runAction()
#1 D:\PHP's Projects\flexiblearning\svn\trunk\src\flexiblearning2\framework\web\filters\CFilter.php(41): CFilterChain->run()
#2 D:\PHP's Projects\flexiblearning\svn\trunk\src\flexiblearning2\framework\web\CController.php(1144): CAccessControlFilter->filter()
#3 D:\PHP's Projects\flexiblearning\svn\trunk\src\flexiblearning2\framework\web\filters\CInlineFilter.php(59): LectureController->filterAccessControl()
#4 D:\PHP's Projects\flexiblearning\svn\trunk\src\flexiblearning2\framework\web\filters\CFilterChain.php(131): CInlineFilter->filter()
#5 D:\PHP's Projects\flexiblearning\svn\trunk\src\flexiblearning2\framework\web\CController.php(283): CFilterChain->run()
#6 D:\PHP's Projects\flexiblearning\svn\trunk\src\flexiblearning2\framework\web\CController.php(257): LectureController->runActionWithFilters()
#7 D:\PHP's Projects\flexiblearning\svn\trunk\src\flexiblearning2\framework\web\CWebApplication.php(277): LectureController->run()
#8 D:\PHP's Projects\flexiblearning\svn\trunk\src\flexiblearning2\framework\web\CWebApplication.php(136): CWebApplication->runController()
#9 D:\PHP's Projects\flexiblearning\svn\trunk\src\flexiblearning2\framework\base\CApplication.php(158): CWebApplication->processRequest()
#10 D:\PHP's Projects\flexiblearning\svn\trunk\src\flexiblearning2\index.php(13): CWebApplication->run()
REQUEST_URI=/index.php/lecture/create
in D:\PHP's Projects\flexiblearning\svn\trunk\src\flexiblearning2\protected\controllers\LectureController.php (70)
in D:\PHP's Projects\flexiblearning\svn\trunk\src\flexiblearning2\index.php (13)
2011/12/12 15:48:35 [warning] [application] Failed to set unsafe attribute "description" of "LectureForm".
in D:\PHP's Projects\flexiblearning\svn\trunk\src\flexiblearning2\protected\controllers\LectureController.php (66)
in D:\PHP's Projects\flexiblearning\svn\trunk\src\flexiblearning2\index.php (13)
2011/12/12 15:48:35 [error] [php] move_uploaded_file(resources/lectures/hqdefault (2).jpg) [<a href='function.move-uploaded-file'>function.move-uploaded-file</a>]: failed to open stream: No such file or directory (D:\PHP's Projects\flexiblearning\svn\trunk\src\flexiblearning2\framework\web\CUploadedFile.php:183)
Stack trace:
#0 D:\PHP's Projects\flexiblearning\svn\trunk\src\flexiblearning2\framework\web\actions\CInlineAction.php(50): LectureController->actionCreate()
#1 D:\PHP's Projects\flexiblearning\svn\trunk\src\flexiblearning2\framework\web\CController.php(300): CInlineAction->runWithParams()
#2 D:\PHP's Projects\flexiblearning\svn\trunk\src\flexiblearning2\framework\web\filters\CFilterChain.php(134): LectureController->runAction()
#3 D:\PHP's Projects\flexiblearning\svn\trunk\src\flexiblearning2\framework\web\filters\CFilter.php(41): CFilterChain->run()
#4 D:\PHP's Projects\flexiblearning\svn\trunk\src\flexiblearning2\framework\web\CController.php(1144): CAccessControlFilter->filter()
#5 D:\PHP's Projects\flexiblearning\svn\trunk\src\flexiblearning2\framework\web\filters\CInlineFilter.php(59): LectureController->filterAccessControl()
#6 D:\PHP's Projects\flexiblearning\svn\trunk\src\flexiblearning2\framework\web\filters\CFilterChain.php(131): CInlineFilter->filter()
#7 D:\PHP's Projects\flexiblearning\svn\trunk\src\flexiblearning2\framework\web\CController.php(283): CFilterChain->run()
#8 D:\PHP's Projects\flexiblearning\svn\trunk\src\flexiblearning2\framework\web\CController.php(257): LectureController->runActionWithFilters()
#9 D:\PHP's Projects\flexiblearning\svn\trunk\src\flexiblearning2\framework\web\CWebApplication.php(277): LectureController->run()
#10 D:\PHP's Projects\flexiblearning\svn\trunk\src\flexiblearning2\framework\web\CWebApplication.php(136): CWebApplication->runController()
#11 D:\PHP's Projects\flexiblearning\svn\trunk\src\flexiblearning2\framework\base\CApplication.php(158): CWebApplication->processRequest()
#12 D:\PHP's Projects\flexiblearning\svn\trunk\src\flexiblearning2\index.php(13): CWebApplication->run()
REQUEST_URI=/index.php/lecture/create
in D:\PHP's Projects\flexiblearning\svn\trunk\src\flexiblearning2\protected\controllers\LectureController.php (70)
in D:\PHP's Projects\flexiblearning\svn\trunk\src\flexiblearning2\index.php (13)
2011/12/12 15:50:45 [warning] [application] Failed to set unsafe attribute "description" of "LectureForm".
in D:\PHP's Projects\flexiblearning\svn\trunk\src\flexiblearning2\protected\controllers\LectureController.php (66)
in D:\PHP's Projects\flexiblearning\svn\trunk\src\flexiblearning2\index.php (13)
2011/12/12 15:50:45 [warning] [application] Failed to set unsafe attribute "fileThumbnail" of "Lecture".
in D:\PHP's Projects\flexiblearning\svn\trunk\src\flexiblearning2\protected\controllers\LectureController.php (72)
in D:\PHP's Projects\flexiblearning\svn\trunk\src\flexiblearning2\index.php (13)
2011/12/12 15:50:45 [error] [exception.CException] exception 'CException' with message 'LectureForm and its behaviors do not have a method or closure named "save".' in D:\PHP's Projects\flexiblearning\svn\trunk\src\flexiblearning2\framework\base\CComponent.php:269
Stack trace:
#0 D:\PHP's Projects\flexiblearning\svn\trunk\src\flexiblearning2\protected\controllers\LectureController.php(74): CComponent->__call('save', Array)
#1 D:\PHP's Projects\flexiblearning\svn\trunk\src\flexiblearning2\protected\controllers\LectureController.php(74): LectureForm->save(false)
#2 D:\PHP's Projects\flexiblearning\svn\trunk\src\flexiblearning2\framework\web\actions\CInlineAction.php(50): LectureController->actionCreate()
#3 D:\PHP's Projects\flexiblearning\svn\trunk\src\flexiblearning2\framework\web\CController.php(300): CInlineAction->runWithParams(Array)
#4 D:\PHP's Projects\flexiblearning\svn\trunk\src\flexiblearning2\framework\web\filters\CFilterChain.php(134): CController->runAction(Object(CInlineAction))
#5 D:\PHP's Projects\flexiblearning\svn\trunk\src\flexiblearning2\framework\web\filters\CFilter.php(41): CFilterChain->run()
#6 D:\PHP's Projects\flexiblearning\svn\trunk\src\flexiblearning2\framework\web\CController.php(1144): CFilter->filter(Object(CFilterChain))
#7 D:\PHP's Projects\flexiblearning\svn\trunk\src\flexiblearning2\framework\web\filters\CInlineFilter.php(59): CController->filterAccessControl(Object(CFilterChain))
#8 D:\PHP's Projects\flexiblearning\svn\trunk\src\flexiblearning2\framework\web\filters\CFilterChain.php(131): CInlineFilter->filter(Object(CFilterChain))
#9 D:\PHP's Projects\flexiblearning\svn\trunk\src\flexiblearning2\framework\web\CController.php(283): CFilterChain->run()
#10 D:\PHP's Projects\flexiblearning\svn\trunk\src\flexiblearning2\framework\web\CController.php(257): CController->runActionWithFilters(Object(CInlineAction), Array)
#11 D:\PHP's Projects\flexiblearning\svn\trunk\src\flexiblearning2\framework\web\CWebApplication.php(277): CController->run('create')
#12 D:\PHP's Projects\flexiblearning\svn\trunk\src\flexiblearning2\framework\web\CWebApplication.php(136): CWebApplication->runController('lecture/create')
#13 D:\PHP's Projects\flexiblearning\svn\trunk\src\flexiblearning2\framework\base\CApplication.php(158): CWebApplication->processRequest()
#14 D:\PHP's Projects\flexiblearning\svn\trunk\src\flexiblearning2\index.php(13): CApplication->run()
#15 {main} REQUEST_URI=/index.php/lecture/create
2011/12/12 15:51:15 [warning] [application] Failed to set unsafe attribute "description" of "LectureForm".
in D:\PHP's Projects\flexiblearning\svn\trunk\src\flexiblearning2\protected\controllers\LectureController.php (66)
in D:\PHP's Projects\flexiblearning\svn\trunk\src\flexiblearning2\index.php (13)
2011/12/12 15:51:15 [warning] [application] Failed to set unsafe attribute "fileThumbnail" of "Lecture".
in D:\PHP's Projects\flexiblearning\svn\trunk\src\flexiblearning2\protected\controllers\LectureController.php (72)
in D:\PHP's Projects\flexiblearning\svn\trunk\src\flexiblearning2\index.php (13)
2011/12/12 15:51:15 [error] [system.db.CDbCommand] CDbCommand::execute() failed: SQLSTATE[23000]: Integrity constraint violation: 1048 Column 'price' cannot be null. The SQL statement executed was: INSERT INTO `lecture` (`state`, `name`, `description`, `price`, `idCategory`, `thumbnail`) VALUES (:yp0, :yp1, :yp2, :yp3, :yp4, :yp5).
in D:\PHP's Projects\flexiblearning\svn\trunk\src\flexiblearning2\protected\controllers\LectureController.php (74)
in D:\PHP's Projects\flexiblearning\svn\trunk\src\flexiblearning2\index.php (13)
2011/12/12 15:51:15 [error] [exception.CDbException] exception 'CDbException' with message 'CDbCommand failed to execute the SQL statement: SQLSTATE[23000]: Integrity constraint violation: 1048 Column 'price' cannot be null. The SQL statement executed was: INSERT INTO `lecture` (`state`, `name`, `description`, `price`, `idCategory`, `thumbnail`) VALUES (:yp0, :yp1, :yp2, :yp3, :yp4, :yp5)' in D:\PHP's Projects\flexiblearning\svn\trunk\src\flexiblearning2\framework\db\CDbCommand.php:336
Stack trace:
#0 D:\PHP's Projects\flexiblearning\svn\trunk\src\flexiblearning2\framework\db\ar\CActiveRecord.php(1017): CDbCommand->execute()
#1 D:\PHP's Projects\flexiblearning\svn\trunk\src\flexiblearning2\framework\db\ar\CActiveRecord.php(781): CActiveRecord->insert(NULL)
#2 D:\PHP's Projects\flexiblearning\svn\trunk\src\flexiblearning2\protected\controllers\LectureController.php(74): CActiveRecord->save(false)
#3 D:\PHP's Projects\flexiblearning\svn\trunk\src\flexiblearning2\framework\web\actions\CInlineAction.php(50): LectureController->actionCreate()
#4 D:\PHP's Projects\flexiblearning\svn\trunk\src\flexiblearning2\framework\web\CController.php(300): CInlineAction->runWithParams(Array)
#5 D:\PHP's Projects\flexiblearning\svn\trunk\src\flexiblearning2\framework\web\filters\CFilterChain.php(134): CController->runAction(Object(CInlineAction))
#6 D:\PHP's Projects\flexiblearning\svn\trunk\src\flexiblearning2\framework\web\filters\CFilter.php(41): CFilterChain->run()
#7 D:\PHP's Projects\flexiblearning\svn\trunk\src\flexiblearning2\framework\web\CController.php(1144): CFilter->filter(Object(CFilterChain))
#8 D:\PHP's Projects\flexiblearning\svn\trunk\src\flexiblearning2\framework\web\filters\CInlineFilter.php(59): CController->filterAccessControl(Object(CFilterChain))
#9 D:\PHP's Projects\flexiblearning\svn\trunk\src\flexiblearning2\framework\web\filters\CFilterChain.php(131): CInlineFilter->filter(Object(CFilterChain))
#10 D:\PHP's Projects\flexiblearning\svn\trunk\src\flexiblearning2\framework\web\CController.php(283): CFilterChain->run()
#11 D:\PHP's Projects\flexiblearning\svn\trunk\src\flexiblearning2\framework\web\CController.php(257): CController->runActionWithFilters(Object(CInlineAction), Array)
#12 D:\PHP's Projects\flexiblearning\svn\trunk\src\flexiblearning2\framework\web\CWebApplication.php(277): CController->run('create')
#13 D:\PHP's Projects\flexiblearning\svn\trunk\src\flexiblearning2\framework\web\CWebApplication.php(136): CWebApplication->runController('lecture/create')
#14 D:\PHP's Projects\flexiblearning\svn\trunk\src\flexiblearning2\framework\base\CApplication.php(158): CWebApplication->processRequest()
#15 D:\PHP's Projects\flexiblearning\svn\trunk\src\flexiblearning2\index.php(13): CApplication->run()
#16 {main} REQUEST_URI=/index.php/lecture/create
2011/12/12 15:54:50 [warning] [application] Failed to set unsafe attribute "description" of "LectureForm".
in D:\PHP's Projects\flexiblearning\svn\trunk\src\flexiblearning2\protected\controllers\LectureController.php (66)
in D:\PHP's Projects\flexiblearning\svn\trunk\src\flexiblearning2\index.php (13)
2011/12/12 15:54:50 [warning] [application] Failed to set unsafe attribute "fileThumbnail" of "Lecture".
in D:\PHP's Projects\flexiblearning\svn\trunk\src\flexiblearning2\protected\controllers\LectureController.php (72)
in D:\PHP's Projects\flexiblearning\svn\trunk\src\flexiblearning2\index.php (13)
2011/12/12 15:54:50 [error] [system.db.CDbCommand] CDbCommand::execute() failed: SQLSTATE[23000]: Integrity constraint violation: 1048 Column 'price' cannot be null. The SQL statement executed was: INSERT INTO `lecture` (`state`, `price`, `name`, `description`, `idCategory`, `thumbnail`) VALUES (:yp0, :yp1, :yp2, :yp3, :yp4, :yp5).
in D:\PHP's Projects\flexiblearning\svn\trunk\src\flexiblearning2\protected\controllers\LectureController.php (74)
in D:\PHP's Projects\flexiblearning\svn\trunk\src\flexiblearning2\index.php (13)
2011/12/12 15:54:50 [error] [exception.CDbException] exception 'CDbException' with message 'CDbCommand failed to execute the SQL statement: SQLSTATE[23000]: Integrity constraint violation: 1048 Column 'price' cannot be null. The SQL statement executed was: INSERT INTO `lecture` (`state`, `price`, `name`, `description`, `idCategory`, `thumbnail`) VALUES (:yp0, :yp1, :yp2, :yp3, :yp4, :yp5)' in D:\PHP's Projects\flexiblearning\svn\trunk\src\flexiblearning2\framework\db\CDbCommand.php:336
Stack trace:
#0 D:\PHP's Projects\flexiblearning\svn\trunk\src\flexiblearning2\framework\db\ar\CActiveRecord.php(1017): CDbCommand->execute()
#1 D:\PHP's Projects\flexiblearning\svn\trunk\src\flexiblearning2\framework\db\ar\CActiveRecord.php(781): CActiveRecord->insert(NULL)
#2 D:\PHP's Projects\flexiblearning\svn\trunk\src\flexiblearning2\protected\controllers\LectureController.php(74): CActiveRecord->save(false)
#3 D:\PHP's Projects\flexiblearning\svn\trunk\src\flexiblearning2\framework\web\actions\CInlineAction.php(50): LectureController->actionCreate()
#4 D:\PHP's Projects\flexiblearning\svn\trunk\src\flexiblearning2\framework\web\CController.php(300): CInlineAction->runWithParams(Array)
#5 D:\PHP's Projects\flexiblearning\svn\trunk\src\flexiblearning2\framework\web\filters\CFilterChain.php(134): CController->runAction(Object(CInlineAction))
#6 D:\PHP's Projects\flexiblearning\svn\trunk\src\flexiblearning2\framework\web\filters\CFilter.php(41): CFilterChain->run()
#7 D:\PHP's Projects\flexiblearning\svn\trunk\src\flexiblearning2\framework\web\CController.php(1144): CFilter->filter(Object(CFilterChain))
#8 D:\PHP's Projects\flexiblearning\svn\trunk\src\flexiblearning2\framework\web\filters\CInlineFilter.php(59): CController->filterAccessControl(Object(CFilterChain))
#9 D:\PHP's Projects\flexiblearning\svn\trunk\src\flexiblearning2\framework\web\filters\CFilterChain.php(131): CInlineFilter->filter(Object(CFilterChain))
#10 D:\PHP's Projects\flexiblearning\svn\trunk\src\flexiblearning2\framework\web\CController.php(283): CFilterChain->run()
#11 D:\PHP's Projects\flexiblearning\svn\trunk\src\flexiblearning2\framework\web\CController.php(257): CController->runActionWithFilters(Object(CInlineAction), Array)
#12 D:\PHP's Projects\flexiblearning\svn\trunk\src\flexiblearning2\framework\web\CWebApplication.php(277): CController->run('create')
#13 D:\PHP's Projects\flexiblearning\svn\trunk\src\flexiblearning2\framework\web\CWebApplication.php(136): CWebApplication->runController('lecture/create')
#14 D:\PHP's Projects\flexiblearning\svn\trunk\src\flexiblearning2\framework\base\CApplication.php(158): CWebApplication->processRequest()
#15 D:\PHP's Projects\flexiblearning\svn\trunk\src\flexiblearning2\index.php(13): CApplication->run()
#16 {main} REQUEST_URI=/index.php/lecture/create
2011/12/12 15:57:27 [warning] [application] Failed to set unsafe attribute "description" of "LectureForm".
in D:\PHP's Projects\flexiblearning\svn\trunk\src\flexiblearning2\protected\controllers\LectureController.php (66)
in D:\PHP's Projects\flexiblearning\svn\trunk\src\flexiblearning2\index.php (13)
2011/12/12 15:57:27 [warning] [application] Failed to set unsafe attribute "fileThumbnail" of "Lecture".
in D:\PHP's Projects\flexiblearning\svn\trunk\src\flexiblearning2\protected\controllers\LectureController.php (72)
in D:\PHP's Projects\flexiblearning\svn\trunk\src\flexiblearning2\index.php (13)
2011/12/12 15:57:27 [error] [system.db.CDbCommand] CDbCommand::execute() failed: SQLSTATE[23000]: Integrity constraint violation: 1048 Column 'price' cannot be null. The SQL statement executed was: INSERT INTO `lecture` (`state`, `price`, `name`, `description`, `idCategory`, `thumbnail`) VALUES (:yp0, :yp1, :yp2, :yp3, :yp4, :yp5).
in D:\PHP's Projects\flexiblearning\svn\trunk\src\flexiblearning2\protected\controllers\LectureController.php (74)
in D:\PHP's Projects\flexiblearning\svn\trunk\src\flexiblearning2\index.php (13)
2011/12/12 15:57:27 [error] [exception.CDbException] exception 'CDbException' with message 'CDbCommand failed to execute the SQL statement: SQLSTATE[23000]: Integrity constraint violation: 1048 Column 'price' cannot be null. The SQL statement executed was: INSERT INTO `lecture` (`state`, `price`, `name`, `description`, `idCategory`, `thumbnail`) VALUES (:yp0, :yp1, :yp2, :yp3, :yp4, :yp5)' in D:\PHP's Projects\flexiblearning\svn\trunk\src\flexiblearning2\framework\db\CDbCommand.php:336
Stack trace:
#0 D:\PHP's Projects\flexiblearning\svn\trunk\src\flexiblearning2\framework\db\ar\CActiveRecord.php(1017): CDbCommand->execute()
#1 D:\PHP's Projects\flexiblearning\svn\trunk\src\flexiblearning2\framework\db\ar\CActiveRecord.php(781): CActiveRecord->insert(NULL)
#2 D:\PHP's Projects\flexiblearning\svn\trunk\src\flexiblearning2\protected\controllers\LectureController.php(74): CActiveRecord->save(false)
#3 D:\PHP's Projects\flexiblearning\svn\trunk\src\flexiblearning2\framework\web\actions\CInlineAction.php(50): LectureController->actionCreate()
#4 D:\PHP's Projects\flexiblearning\svn\trunk\src\flexiblearning2\framework\web\CController.php(300): CInlineAction->runWithParams(Array)
#5 D:\PHP's Projects\flexiblearning\svn\trunk\src\flexiblearning2\framework\web\filters\CFilterChain.php(134): CController->runAction(Object(CInlineAction))
#6 D:\PHP's Projects\flexiblearning\svn\trunk\src\flexiblearning2\framework\web\filters\CFilter.php(41): CFilterChain->run()
#7 D:\PHP's Projects\flexiblearning\svn\trunk\src\flexiblearning2\framework\web\CController.php(1144): CFilter->filter(Object(CFilterChain))
#8 D:\PHP's Projects\flexiblearning\svn\trunk\src\flexiblearning2\framework\web\filters\CInlineFilter.php(59): CController->filterAccessControl(Object(CFilterChain))
#9 D:\PHP's Projects\flexiblearning\svn\trunk\src\flexiblearning2\framework\web\filters\CFilterChain.php(131): CInlineFilter->filter(Object(CFilterChain))
#10 D:\PHP's Projects\flexiblearning\svn\trunk\src\flexiblearning2\framework\web\CController.php(283): CFilterChain->run()
#11 D:\PHP's Projects\flexiblearning\svn\trunk\src\flexiblearning2\framework\web\CController.php(257): CController->runActionWithFilters(Object(CInlineAction), Array)
#12 D:\PHP's Projects\flexiblearning\svn\trunk\src\flexiblearning2\framework\web\CWebApplication.php(277): CController->run('create')
#13 D:\PHP's Projects\flexiblearning\svn\trunk\src\flexiblearning2\framework\web\CWebApplication.php(136): CWebApplication->runController('lecture/create')
#14 D:\PHP's Projects\flexiblearning\svn\trunk\src\flexiblearning2\framework\base\CApplication.php(158): CWebApplication->processRequest()
#15 D:\PHP's Projects\flexiblearning\svn\trunk\src\flexiblearning2\index.php(13): CApplication->run()
#16 {main} REQUEST_URI=/index.php/lecture/create
2011/12/12 16:00:16 [warning] [application] Failed to set unsafe attribute "description" of "LectureForm".
in D:\PHP's Projects\flexiblearning\svn\trunk\src\flexiblearning2\protected\controllers\LectureController.php (66)
in D:\PHP's Projects\flexiblearning\svn\trunk\src\flexiblearning2\index.php (13)
2011/12/12 16:00:16 [warning] [application] Failed to set unsafe attribute "fileThumbnail" of "Lecture".
in D:\PHP's Projects\flexiblearning\svn\trunk\src\flexiblearning2\protected\controllers\LectureController.php (72)
in D:\PHP's Projects\flexiblearning\svn\trunk\src\flexiblearning2\index.php (13)
2011/12/12 16:00:16 [error] [system.db.CDbCommand] CDbCommand::execute() failed: SQLSTATE[23000]: Integrity constraint violation: 1048 Column 'price' cannot be null. The SQL statement executed was: INSERT INTO `lecture` (`state`, `price`, `name`, `description`, `idCategory`, `thumbnail`) VALUES (:yp0, :yp1, :yp2, :yp3, :yp4, :yp5).
in D:\PHP's Projects\flexiblearning\svn\trunk\src\flexiblearning2\protected\controllers\LectureController.php (74)
in D:\PHP's Projects\flexiblearning\svn\trunk\src\flexiblearning2\index.php (13)
2011/12/12 16:00:17 [error] [exception.CDbException] exception 'CDbException' with message 'CDbCommand failed to execute the SQL statement: SQLSTATE[23000]: Integrity constraint violation: 1048 Column 'price' cannot be null. The SQL statement executed was: INSERT INTO `lecture` (`state`, `price`, `name`, `description`, `idCategory`, `thumbnail`) VALUES (:yp0, :yp1, :yp2, :yp3, :yp4, :yp5)' in D:\PHP's Projects\flexiblearning\svn\trunk\src\flexiblearning2\framework\db\CDbCommand.php:336
Stack trace:
#0 D:\PHP's Projects\flexiblearning\svn\trunk\src\flexiblearning2\framework\db\ar\CActiveRecord.php(1017): CDbCommand->execute()
#1 D:\PHP's Projects\flexiblearning\svn\trunk\src\flexiblearning2\framework\db\ar\CActiveRecord.php(781): CActiveRecord->insert(NULL)
#2 D:\PHP's Projects\flexiblearning\svn\trunk\src\flexiblearning2\protected\controllers\LectureController.php(74): CActiveRecord->save(false)
#3 D:\PHP's Projects\flexiblearning\svn\trunk\src\flexiblearning2\framework\web\actions\CInlineAction.php(50): LectureController->actionCreate()
#4 D:\PHP's Projects\flexiblearning\svn\trunk\src\flexiblearning2\framework\web\CController.php(300): CInlineAction->runWithParams(Array)
#5 D:\PHP's Projects\flexiblearning\svn\trunk\src\flexiblearning2\framework\web\filters\CFilterChain.php(134): CController->runAction(Object(CInlineAction))
#6 D:\PHP's Projects\flexiblearning\svn\trunk\src\flexiblearning2\framework\web\filters\CFilter.php(41): CFilterChain->run()
#7 D:\PHP's Projects\flexiblearning\svn\trunk\src\flexiblearning2\framework\web\CController.php(1144): CFilter->filter(Object(CFilterChain))
#8 D:\PHP's Projects\flexiblearning\svn\trunk\src\flexiblearning2\framework\web\filters\CInlineFilter.php(59): CController->filterAccessControl(Object(CFilterChain))
#9 D:\PHP's Projects\flexiblearning\svn\trunk\src\flexiblearning2\framework\web\filters\CFilterChain.php(131): CInlineFilter->filter(Object(CFilterChain))
#10 D:\PHP's Projects\flexiblearning\svn\trunk\src\flexiblearning2\framework\web\CController.php(283): CFilterChain->run()
#11 D:\PHP's Projects\flexiblearning\svn\trunk\src\flexiblearning2\framework\web\CController.php(257): CController->runActionWithFilters(Object(CInlineAction), Array)
#12 D:\PHP's Projects\flexiblearning\svn\trunk\src\flexiblearning2\framework\web\CWebApplication.php(277): CController->run('create')
#13 D:\PHP's Projects\flexiblearning\svn\trunk\src\flexiblearning2\framework\web\CWebApplication.php(136): CWebApplication->runController('lecture/create')
#14 D:\PHP's Projects\flexiblearning\svn\trunk\src\flexiblearning2\framework\base\CApplication.php(158): CWebApplication->processRequest()
#15 D:\PHP's Projects\flexiblearning\svn\trunk\src\flexiblearning2\index.php(13): CApplication->run()
#16 {main} REQUEST_URI=/index.php/lecture/create
2011/12/12 16:11:54 [warning] [application] Failed to set unsafe attribute "description" of "LectureForm".
in D:\PHP's Projects\flexiblearning\svn\trunk\src\flexiblearning2\protected\controllers\LectureController.php (66)
in D:\PHP's Projects\flexiblearning\svn\trunk\src\flexiblearning2\index.php (13)
2011/12/12 16:11:55 [warning] [application] Failed to set unsafe attribute "fileThumbnail" of "Lecture".
in D:\PHP's Projects\flexiblearning\svn\trunk\src\flexiblearning2\protected\controllers\LectureController.php (72)
in D:\PHP's Projects\flexiblearning\svn\trunk\src\flexiblearning2\index.php (13)
2011/12/12 16:11:55 [error] [system.db.CDbCommand] CDbCommand::execute() failed: SQLSTATE[23000]: Integrity constraint violation: 1048 Column 'price' cannot be null. The SQL statement executed was: INSERT INTO `lecture` (`state`, `price`, `name`, `description`, `idCategory`, `thumbnail`) VALUES (:yp0, :yp1, :yp2, :yp3, :yp4, :yp5).
in D:\PHP's Projects\flexiblearning\svn\trunk\src\flexiblearning2\protected\controllers\LectureController.php (74)
in D:\PHP's Projects\flexiblearning\svn\trunk\src\flexiblearning2\index.php (13)
2011/12/12 16:11:56 [error] [exception.CDbException] exception 'CDbException' with message 'CDbCommand failed to execute the SQL statement: SQLSTATE[23000]: Integrity constraint violation: 1048 Column 'price' cannot be null. The SQL statement executed was: INSERT INTO `lecture` (`state`, `price`, `name`, `description`, `idCategory`, `thumbnail`) VALUES (:yp0, :yp1, :yp2, :yp3, :yp4, :yp5)' in D:\PHP's Projects\flexiblearning\svn\trunk\src\flexiblearning2\framework\db\CDbCommand.php:336
Stack trace:
#0 D:\PHP's Projects\flexiblearning\svn\trunk\src\flexiblearning2\framework\db\ar\CActiveRecord.php(1017): CDbCommand->execute()
#1 D:\PHP's Projects\flexiblearning\svn\trunk\src\flexiblearning2\framework\db\ar\CActiveRecord.php(781): CActiveRecord->insert(NULL)
#2 D:\PHP's Projects\flexiblearning\svn\trunk\src\flexiblearning2\protected\controllers\LectureController.php(74): CActiveRecord->save(false)
#3 D:\PHP's Projects\flexiblearning\svn\trunk\src\flexiblearning2\framework\web\actions\CInlineAction.php(50): LectureController->actionCreate()
#4 D:\PHP's Projects\flexiblearning\svn\trunk\src\flexiblearning2\framework\web\CController.php(300): CInlineAction->runWithParams(Array)
#5 D:\PHP's Projects\flexiblearning\svn\trunk\src\flexiblearning2\framework\web\filters\CFilterChain.php(134): CController->runAction(Object(CInlineAction))
#6 D:\PHP's Projects\flexiblearning\svn\trunk\src\flexiblearning2\framework\web\filters\CFilter.php(41): CFilterChain->run()
#7 D:\PHP's Projects\flexiblearning\svn\trunk\src\flexiblearning2\framework\web\CController.php(1144): CFilter->filter(Object(CFilterChain))
#8 D:\PHP's Projects\flexiblearning\svn\trunk\src\flexiblearning2\framework\web\filters\CInlineFilter.php(59): CController->filterAccessControl(Object(CFilterChain))
#9 D:\PHP's Projects\flexiblearning\svn\trunk\src\flexiblearning2\framework\web\filters\CFilterChain.php(131): CInlineFilter->filter(Object(CFilterChain))
#10 D:\PHP's Projects\flexiblearning\svn\trunk\src\flexiblearning2\framework\web\CController.php(283): CFilterChain->run()
#11 D:\PHP's Projects\flexiblearning\svn\trunk\src\flexiblearning2\framework\web\CController.php(257): CController->runActionWithFilters(Object(CInlineAction), Array)
#12 D:\PHP's Projects\flexiblearning\svn\trunk\src\flexiblearning2\framework\web\CWebApplication.php(277): CController->run('create')
#13 D:\PHP's Projects\flexiblearning\svn\trunk\src\flexiblearning2\framework\web\CWebApplication.php(136): CWebApplication->runController('lecture/create')
#14 D:\PHP's Projects\flexiblearning\svn\trunk\src\flexiblearning2\framework\base\CApplication.php(158): CWebApplication->processRequest()
#15 D:\PHP's Projects\flexiblearning\svn\trunk\src\flexiblearning2\index.php(13): CApplication->run()
#16 {main} REQUEST_URI=/index.php/lecture/create
