2011/12/25 03:01:07 [error] [php] Undefined variable: modelLesson (D:\PHP's Projects\flexiblearning\svn\trunk\src\flexiblearning2\protected\views\lesson\create.php:18)
Stack trace:
#0 D:\PHP's Projects\flexiblearning\svn\trunk\src\flexiblearning2\framework\web\CController.php(866): LessonController->renderFile()
#1 D:\PHP's Projects\flexiblearning\svn\trunk\src\flexiblearning2\framework\web\CController.php(779): LessonController->renderPartial()
#2 D:\PHP's Projects\flexiblearning\svn\trunk\src\flexiblearning2\protected\controllers\LessonController.php(93): LessonController->render()
#3 unknown(0): LessonController->actionCreate()
#4 D:\PHP's Projects\flexiblearning\svn\trunk\src\flexiblearning2\framework\web\actions\CAction.php(104): ReflectionMethod->invokeArgs()
#5 D:\PHP's Projects\flexiblearning\svn\trunk\src\flexiblearning2\framework\web\actions\CInlineAction.php(48): CInlineAction->runWithParamsInternal()
#6 D:\PHP's Projects\flexiblearning\svn\trunk\src\flexiblearning2\framework\web\CController.php(300): CInlineAction->runWithParams()
#7 D:\PHP's Projects\flexiblearning\svn\trunk\src\flexiblearning2\framework\web\filters\CFilterChain.php(134): LessonController->runAction()
#8 D:\PHP's Projects\flexiblearning\svn\trunk\src\flexiblearning2\framework\web\filters\CFilter.php(41): CFilterChain->run()
#9 D:\PHP's Projects\flexiblearning\svn\trunk\src\flexiblearning2\framework\web\CController.php(1144): CAccessControlFilter->filter()
#10 D:\PHP's Projects\flexiblearning\svn\trunk\src\flexiblearning2\framework\web\filters\CInlineFilter.php(59): LessonController->filterAccessControl()
#11 D:\PHP's Projects\flexiblearning\svn\trunk\src\flexiblearning2\framework\web\filters\CFilterChain.php(131): CInlineFilter->filter()
#12 D:\PHP's Projects\flexiblearning\svn\trunk\src\flexiblearning2\framework\web\CController.php(283): CFilterChain->run()
#13 D:\PHP's Projects\flexiblearning\svn\trunk\src\flexiblearning2\framework\web\CController.php(257): LessonController->runActionWithFilters()
#14 D:\PHP's Projects\flexiblearning\svn\trunk\src\flexiblearning2\framework\web\CWebApplication.php(277): LessonController->run()
#15 D:\PHP's Projects\flexiblearning\svn\trunk\src\flexiblearning2\framework\web\CWebApplication.php(136): CWebApplication->runController()
#16 D:\PHP's Projects\flexiblearning\svn\trunk\src\flexiblearning2\framework\base\CApplication.php(158): CWebApplication->processRequest()
#17 D:\PHP's Projects\flexiblearning\svn\trunk\src\flexiblearning2\index.php(13): CWebApplication->run()
REQUEST_URI=/flexiblearning2/en/lesson/create?idCategory=5
in D:\PHP's Projects\flexiblearning\svn\trunk\src\flexiblearning2\protected\views\lesson\create.php (18)
in D:\PHP's Projects\flexiblearning\svn\trunk\src\flexiblearning2\protected\controllers\LessonController.php (93)
in D:\PHP's Projects\flexiblearning\svn\trunk\src\flexiblearning2\index.php (13)
2011/12/25 03:01:09 [error] [php] Undefined variable: modelLesson (D:\PHP's Projects\flexiblearning\svn\trunk\src\flexiblearning2\protected\views\lesson\create.php:18)
Stack trace:
#0 D:\PHP's Projects\flexiblearning\svn\trunk\src\flexiblearning2\framework\web\CController.php(866): LessonController->renderFile()
#1 D:\PHP's Projects\flexiblearning\svn\trunk\src\flexiblearning2\framework\web\CController.php(779): LessonController->renderPartial()
#2 D:\PHP's Projects\flexiblearning\svn\trunk\src\flexiblearning2\protected\controllers\LessonController.php(93): LessonController->render()
#3 unknown(0): LessonController->actionCreate()
#4 D:\PHP's Projects\flexiblearning\svn\trunk\src\flexiblearning2\framework\web\actions\CAction.php(104): ReflectionMethod->invokeArgs()
#5 D:\PHP's Projects\flexiblearning\svn\trunk\src\flexiblearning2\framework\web\actions\CInlineAction.php(48): CInlineAction->runWithParamsInternal()
#6 D:\PHP's Projects\flexiblearning\svn\trunk\src\flexiblearning2\framework\web\CController.php(300): CInlineAction->runWithParams()
#7 D:\PHP's Projects\flexiblearning\svn\trunk\src\flexiblearning2\framework\web\filters\CFilterChain.php(134): LessonController->runAction()
#8 D:\PHP's Projects\flexiblearning\svn\trunk\src\flexiblearning2\framework\web\filters\CFilter.php(41): CFilterChain->run()
#9 D:\PHP's Projects\flexiblearning\svn\trunk\src\flexiblearning2\framework\web\CController.php(1144): CAccessControlFilter->filter()
#10 D:\PHP's Projects\flexiblearning\svn\trunk\src\flexiblearning2\framework\web\filters\CInlineFilter.php(59): LessonController->filterAccessControl()
#11 D:\PHP's Projects\flexiblearning\svn\trunk\src\flexiblearning2\framework\web\filters\CFilterChain.php(131): CInlineFilter->filter()
#12 D:\PHP's Projects\flexiblearning\svn\trunk\src\flexiblearning2\framework\web\CController.php(283): CFilterChain->run()
#13 D:\PHP's Projects\flexiblearning\svn\trunk\src\flexiblearning2\framework\web\CController.php(257): LessonController->runActionWithFilters()
#14 D:\PHP's Projects\flexiblearning\svn\trunk\src\flexiblearning2\framework\web\CWebApplication.php(277): LessonController->run()
#15 D:\PHP's Projects\flexiblearning\svn\trunk\src\flexiblearning2\framework\web\CWebApplication.php(136): CWebApplication->runController()
#16 D:\PHP's Projects\flexiblearning\svn\trunk\src\flexiblearning2\framework\base\CApplication.php(158): CWebApplication->processRequest()
#17 D:\PHP's Projects\flexiblearning\svn\trunk\src\flexiblearning2\index.php(13): CWebApplication->run()
REQUEST_URI=/flexiblearning2/en/lesson/create?idCategory=5
in D:\PHP's Projects\flexiblearning\svn\trunk\src\flexiblearning2\protected\views\lesson\create.php (18)
in D:\PHP's Projects\flexiblearning\svn\trunk\src\flexiblearning2\protected\controllers\LessonController.php (93)
in D:\PHP's Projects\flexiblearning\svn\trunk\src\flexiblearning2\index.php (13)
2011/12/25 03:05:57 [error] [exception.CHttpException.404] exception 'CHttpException' with message 'The requested page does not exist.' in D:\PHP's Projects\flexiblearning\svn\trunk\src\flexiblearning2\protected\controllers\LessonController.php:168
Stack trace:
#0 D:\PHP's Projects\flexiblearning\svn\trunk\src\flexiblearning2\protected\controllers\LessonController.php(51): LessonController->loadModel('')
#1 [internal function]: LessonController->actionView('')
#2 D:\PHP's Projects\flexiblearning\svn\trunk\src\flexiblearning2\framework\web\actions\CAction.php(104): ReflectionMethod->invokeArgs(Object(LessonController), Array)
#3 D:\PHP's Projects\flexiblearning\svn\trunk\src\flexiblearning2\framework\web\actions\CInlineAction.php(48): CAction->runWithParamsInternal(Object(LessonController), Object(ReflectionMethod), Array)
#4 D:\PHP's Projects\flexiblearning\svn\trunk\src\flexiblearning2\framework\web\CController.php(300): CInlineAction->runWithParams(Array)
#5 D:\PHP's Projects\flexiblearning\svn\trunk\src\flexiblearning2\framework\web\filters\CFilterChain.php(134): CController->runAction(Object(CInlineAction))
#6 D:\PHP's Projects\flexiblearning\svn\trunk\src\flexiblearning2\framework\web\filters\CFilter.php(41): CFilterChain->run()
#7 D:\PHP's Projects\flexiblearning\svn\trunk\src\flexiblearning2\framework\web\CController.php(1144): CFilter->filter(Object(CFilterChain))
#8 D:\PHP's Projects\flexiblearning\svn\trunk\src\flexiblearning2\framework\web\filters\CInlineFilter.php(59): CController->filterAccessControl(Object(CFilterChain))
#9 D:\PHP's Projects\flexiblearning\svn\trunk\src\flexiblearning2\framework\web\filters\CFilterChain.php(131): CInlineFilter->filter(Object(CFilterChain))
#10 D:\PHP's Projects\flexiblearning\svn\trunk\src\flexiblearning2\framework\web\CController.php(283): CFilterChain->run()
#11 D:\PHP's Projects\flexiblearning\svn\trunk\src\flexiblearning2\framework\web\CController.php(257): CController->runActionWithFilters(Object(CInlineAction), Array)
#12 D:\PHP's Projects\flexiblearning\svn\trunk\src\flexiblearning2\framework\web\CWebApplication.php(277): CController->run('view')
#13 D:\PHP's Projects\flexiblearning\svn\trunk\src\flexiblearning2\framework\web\CWebApplication.php(136): CWebApplication->runController('lesson/view')
#14 D:\PHP's Projects\flexiblearning\svn\trunk\src\flexiblearning2\framework\base\CApplication.php(158): CWebApplication->processRequest()
#15 D:\PHP's Projects\flexiblearning\svn\trunk\src\flexiblearning2\index.php(13): CApplication->run()
#16 {main} REQUEST_URI=/flexiblearning2/en/lesson/view?id=
2011/12/25 03:12:17 [error] [exception.CHttpException.404] exception 'CHttpException' with message 'The requested page does not exist.' in D:\PHP's Projects\flexiblearning\svn\trunk\src\flexiblearning2\protected\controllers\LessonController.php:168
Stack trace:
#0 D:\PHP's Projects\flexiblearning\svn\trunk\src\flexiblearning2\protected\controllers\LessonController.php(51): LessonController->loadModel('')
#1 [internal function]: LessonController->actionView('')
#2 D:\PHP's Projects\flexiblearning\svn\trunk\src\flexiblearning2\framework\web\actions\CAction.php(104): ReflectionMethod->invokeArgs(Object(LessonController), Array)
#3 D:\PHP's Projects\flexiblearning\svn\trunk\src\flexiblearning2\framework\web\actions\CInlineAction.php(48): CAction->runWithParamsInternal(Object(LessonController), Object(ReflectionMethod), Array)
#4 D:\PHP's Projects\flexiblearning\svn\trunk\src\flexiblearning2\framework\web\CController.php(300): CInlineAction->runWithParams(Array)
#5 D:\PHP's Projects\flexiblearning\svn\trunk\src\flexiblearning2\framework\web\filters\CFilterChain.php(134): CController->runAction(Object(CInlineAction))
#6 D:\PHP's Projects\flexiblearning\svn\trunk\src\flexiblearning2\framework\web\filters\CFilter.php(41): CFilterChain->run()
#7 D:\PHP's Projects\flexiblearning\svn\trunk\src\flexiblearning2\framework\web\CController.php(1144): CFilter->filter(Object(CFilterChain))
#8 D:\PHP's Projects\flexiblearning\svn\trunk\src\flexiblearning2\framework\web\filters\CInlineFilter.php(59): CController->filterAccessControl(Object(CFilterChain))
#9 D:\PHP's Projects\flexiblearning\svn\trunk\src\flexiblearning2\framework\web\filters\CFilterChain.php(131): CInlineFilter->filter(Object(CFilterChain))
#10 D:\PHP's Projects\flexiblearning\svn\trunk\src\flexiblearning2\framework\web\CController.php(283): CFilterChain->run()
#11 D:\PHP's Projects\flexiblearning\svn\trunk\src\flexiblearning2\framework\web\CController.php(257): CController->runActionWithFilters(Object(CInlineAction), Array)
#12 D:\PHP's Projects\flexiblearning\svn\trunk\src\flexiblearning2\framework\web\CWebApplication.php(277): CController->run('view')
#13 D:\PHP's Projects\flexiblearning\svn\trunk\src\flexiblearning2\framework\web\CWebApplication.php(136): CWebApplication->runController('lesson/view')
#14 D:\PHP's Projects\flexiblearning\svn\trunk\src\flexiblearning2\framework\base\CApplication.php(158): CWebApplication->processRequest()
#15 D:\PHP's Projects\flexiblearning\svn\trunk\src\flexiblearning2\index.php(13): CApplication->run()
#16 {main} REQUEST_URI=/flexiblearning2/en/lesson/view?id=
2011/12/25 03:31:31 [error] [php] Undefined index: idLanguage (D:\PHP's Projects\flexiblearning\svn\trunk\src\flexiblearning2\protected\controllers\SiteController.php:53)
Stack trace:
#0 D:\PHP's Projects\flexiblearning\svn\trunk\src\flexiblearning2\framework\web\filters\CFilterChain.php(134): SiteController->runAction()
#1 D:\PHP's Projects\flexiblearning\svn\trunk\src\flexiblearning2\framework\web\filters\CFilter.php(41): CFilterChain->run()
#2 D:\PHP's Projects\flexiblearning\svn\trunk\src\flexiblearning2\framework\web\CController.php(1144): CAccessControlFilter->filter()
#3 D:\PHP's Projects\flexiblearning\svn\trunk\src\flexiblearning2\framework\web\filters\CInlineFilter.php(59): SiteController->filterAccessControl()
#4 D:\PHP's Projects\flexiblearning\svn\trunk\src\flexiblearning2\framework\web\filters\CFilterChain.php(131): CInlineFilter->filter()
#5 D:\PHP's Projects\flexiblearning\svn\trunk\src\flexiblearning2\framework\web\CController.php(283): CFilterChain->run()
#6 D:\PHP's Projects\flexiblearning\svn\trunk\src\flexiblearning2\framework\web\CController.php(257): SiteController->runActionWithFilters()
#7 D:\PHP's Projects\flexiblearning\svn\trunk\src\flexiblearning2\framework\web\CWebApplication.php(277): SiteController->run()
#8 D:\PHP's Projects\flexiblearning\svn\trunk\src\flexiblearning2\framework\web\CWebApplication.php(136): CWebApplication->runController()
#9 D:\PHP's Projects\flexiblearning\svn\trunk\src\flexiblearning2\framework\base\CApplication.php(158): CWebApplication->processRequest()
#10 D:\PHP's Projects\flexiblearning\svn\trunk\src\flexiblearning2\index.php(13): CWebApplication->run()
REQUEST_URI=/flexiblearning2/en/site/index
in D:\PHP's Projects\flexiblearning\svn\trunk\src\flexiblearning2\protected\controllers\SiteController.php (53)
in D:\PHP's Projects\flexiblearning\svn\trunk\src\flexiblearning2\index.php (13)
2011/12/25 03:31:36 [error] [php] Undefined index: idLanguage (D:\PHP's Projects\flexiblearning\svn\trunk\src\flexiblearning2\protected\controllers\SiteController.php:53)
Stack trace:
#0 D:\PHP's Projects\flexiblearning\svn\trunk\src\flexiblearning2\framework\web\filters\CFilterChain.php(134): SiteController->runAction()
#1 D:\PHP's Projects\flexiblearning\svn\trunk\src\flexiblearning2\framework\web\filters\CFilter.php(41): CFilterChain->run()
#2 D:\PHP's Projects\flexiblearning\svn\trunk\src\flexiblearning2\framework\web\CController.php(1144): CAccessControlFilter->filter()
#3 D:\PHP's Projects\flexiblearning\svn\trunk\src\flexiblearning2\framework\web\filters\CInlineFilter.php(59): SiteController->filterAccessControl()
#4 D:\PHP's Projects\flexiblearning\svn\trunk\src\flexiblearning2\framework\web\filters\CFilterChain.php(131): CInlineFilter->filter()
#5 D:\PHP's Projects\flexiblearning\svn\trunk\src\flexiblearning2\framework\web\CController.php(283): CFilterChain->run()
#6 D:\PHP's Projects\flexiblearning\svn\trunk\src\flexiblearning2\framework\web\CController.php(257): SiteController->runActionWithFilters()
#7 D:\PHP's Projects\flexiblearning\svn\trunk\src\flexiblearning2\framework\web\CWebApplication.php(277): SiteController->run()
#8 D:\PHP's Projects\flexiblearning\svn\trunk\src\flexiblearning2\framework\web\CWebApplication.php(136): CWebApplication->runController()
#9 D:\PHP's Projects\flexiblearning\svn\trunk\src\flexiblearning2\framework\base\CApplication.php(158): CWebApplication->processRequest()
#10 D:\PHP's Projects\flexiblearning\svn\trunk\src\flexiblearning2\index.php(13): CWebApplication->run()
REQUEST_URI=/flexiblearning2/en/site/index
in D:\PHP's Projects\flexiblearning\svn\trunk\src\flexiblearning2\protected\controllers\SiteController.php (53)
in D:\PHP's Projects\flexiblearning\svn\trunk\src\flexiblearning2\index.php (13)
2011/12/25 03:32:00 [error] [php] Undefined index: idLanguage (D:\PHP's Projects\flexiblearning\svn\trunk\src\flexiblearning2\protected\controllers\SiteController.php:53)
Stack trace:
#0 D:\PHP's Projects\flexiblearning\svn\trunk\src\flexiblearning2\framework\web\filters\CFilterChain.php(134): SiteController->runAction()
#1 D:\PHP's Projects\flexiblearning\svn\trunk\src\flexiblearning2\framework\web\filters\CFilter.php(41): CFilterChain->run()
#2 D:\PHP's Projects\flexiblearning\svn\trunk\src\flexiblearning2\framework\web\CController.php(1144): CAccessControlFilter->filter()
#3 D:\PHP's Projects\flexiblearning\svn\trunk\src\flexiblearning2\framework\web\filters\CInlineFilter.php(59): SiteController->filterAccessControl()
#4 D:\PHP's Projects\flexiblearning\svn\trunk\src\flexiblearning2\framework\web\filters\CFilterChain.php(131): CInlineFilter->filter()
#5 D:\PHP's Projects\flexiblearning\svn\trunk\src\flexiblearning2\framework\web\CController.php(283): CFilterChain->run()
#6 D:\PHP's Projects\flexiblearning\svn\trunk\src\flexiblearning2\framework\web\CController.php(257): SiteController->runActionWithFilters()
#7 D:\PHP's Projects\flexiblearning\svn\trunk\src\flexiblearning2\framework\web\CWebApplication.php(277): SiteController->run()
#8 D:\PHP's Projects\flexiblearning\svn\trunk\src\flexiblearning2\framework\web\CWebApplication.php(136): CWebApplication->runController()
#9 D:\PHP's Projects\flexiblearning\svn\trunk\src\flexiblearning2\framework\base\CApplication.php(158): CWebApplication->processRequest()
#10 D:\PHP's Projects\flexiblearning\svn\trunk\src\flexiblearning2\index.php(13): CWebApplication->run()
REQUEST_URI=/flexiblearning2/en/site/index
in D:\PHP's Projects\flexiblearning\svn\trunk\src\flexiblearning2\protected\controllers\SiteController.php (53)
in D:\PHP's Projects\flexiblearning\svn\trunk\src\flexiblearning2\index.php (13)
2011/12/25 03:36:32 [error] [exception.CException] exception 'CException' with message 'Property "Account.dateOfBirth" is not defined.' in D:\PHP's Projects\flexiblearning\svn\trunk\src\flexiblearning2\framework\base\CComponent.php:131
Stack trace:
#0 D:\PHP's Projects\flexiblearning\svn\trunk\src\flexiblearning2\framework\db\ar\CActiveRecord.php(129): CComponent->__get('dateOfBirth')
#1 D:\PHP's Projects\flexiblearning\svn\trunk\src\flexiblearning2\protected\models\Base.php(40): CActiveRecord->__get('dateOfBirth')
#2 D:\PHP's Projects\flexiblearning\svn\trunk\src\flexiblearning2\framework\web\helpers\CHtml.php(2063): Base->__get('dateOfBirth')
#3 D:\PHP's Projects\flexiblearning\svn\trunk\src\flexiblearning2\framework\web\helpers\CHtml.php(1791): CHtml::resolveValue(Object(Account), 'dateOfBirth')
#4 D:\PHP's Projects\flexiblearning\svn\trunk\src\flexiblearning2\framework\web\helpers\CHtml.php(1199): CHtml::activeInputField('text', Object(Account), 'dateOfBirth', Array)
#5 D:\PHP's Projects\flexiblearning\svn\trunk\src\flexiblearning2\framework\web\widgets\CActiveForm.php(568): CHtml::activeTextField(Object(Account), 'dateOfBirth', Array)
#6 D:\PHP's Projects\flexiblearning\svn\trunk\src\flexiblearning2\protected\views\account\_search.php(20): CActiveForm->textField(Object(Account), 'dateOfBirth')
#7 D:\PHP's Projects\flexiblearning\svn\trunk\src\flexiblearning2\framework\web\CBaseController.php(119): require('D:\PHP's Projec...')
#8 D:\PHP's Projects\flexiblearning\svn\trunk\src\flexiblearning2\framework\web\CBaseController.php(88): CBaseController->renderInternal('D:\PHP's Projec...', Array, true)
#9 D:\PHP's Projects\flexiblearning\svn\trunk\src\flexiblearning2\framework\web\CController.php(866): CBaseController->renderFile('D:\PHP's Projec...', Array, true)
#10 D:\PHP's Projects\flexiblearning\svn\trunk\src\flexiblearning2\protected\views\account\admin.php(37): CController->renderPartial('_search', Array)
#11 D:\PHP's Projects\flexiblearning\svn\trunk\src\flexiblearning2\framework\web\CBaseController.php(119): require('D:\PHP's Projec...')
#12 D:\PHP's Projects\flexiblearning\svn\trunk\src\flexiblearning2\framework\web\CBaseController.php(88): CBaseController->renderInternal('D:\PHP's Projec...', Array, true)
#13 D:\PHP's Projects\flexiblearning\svn\trunk\src\flexiblearning2\framework\web\CController.php(866): CBaseController->renderFile('D:\PHP's Projec...', Array, true)
#14 D:\PHP's Projects\flexiblearning\svn\trunk\src\flexiblearning2\framework\web\CController.php(779): CController->renderPartial('admin', Array, true)
#15 D:\PHP's Projects\flexiblearning\svn\trunk\src\flexiblearning2\protected\controllers\AccountController.php(154): CController->render('admin', Array)
#16 D:\PHP's Projects\flexiblearning\svn\trunk\src\flexiblearning2\framework\web\actions\CInlineAction.php(50): AccountController->actionAdmin()
#17 D:\PHP's Projects\flexiblearning\svn\trunk\src\flexiblearning2\framework\web\CController.php(300): CInlineAction->runWithParams(Array)
#18 D:\PHP's Projects\flexiblearning\svn\trunk\src\flexiblearning2\framework\web\filters\CFilterChain.php(134): CController->runAction(Object(CInlineAction))
#19 D:\PHP's Projects\flexiblearning\svn\trunk\src\flexiblearning2\framework\web\filters\CFilter.php(41): CFilterChain->run()
#20 D:\PHP's Projects\flexiblearning\svn\trunk\src\flexiblearning2\framework\web\CController.php(1144): CFilter->filter(Object(CFilterChain))
#21 D:\PHP's Projects\flexiblearning\svn\trunk\src\flexiblearning2\framework\web\filters\CInlineFilter.php(59): CController->filterAccessControl(Object(CFilterChain))
#22 D:\PHP's Projects\flexiblearning\svn\trunk\src\flexiblearning2\framework\web\filters\CFilterChain.php(131): CInlineFilter->filter(Object(CFilterChain))
#23 D:\PHP's Projects\flexiblearning\svn\trunk\src\flexiblearning2\framework\web\CController.php(283): CFilterChain->run()
#24 D:\PHP's Projects\flexiblearning\svn\trunk\src\flexiblearning2\framework\web\CController.php(257): CController->runActionWithFilters(Object(CInlineAction), Array)
#25 D:\PHP's Projects\flexiblearning\svn\trunk\src\flexiblearning2\framework\web\CWebApplication.php(277): CController->run('admin')
#26 D:\PHP's Projects\flexiblearning\svn\trunk\src\flexiblearning2\framework\web\CWebApplication.php(136): CWebApplication->runController('account/admin')
#27 D:\PHP's Projects\flexiblearning\svn\trunk\src\flexiblearning2\framework\base\CApplication.php(158): CWebApplication->processRequest()
#28 D:\PHP's Projects\flexiblearning\svn\trunk\src\flexiblearning2\index.php(13): CApplication->run()
#29 {main} REQUEST_URI=/flexiblearning2/en/account/admin
2011/12/25 03:38:34 [error] [php] Undefined index: idLanguage (D:\PHP's Projects\flexiblearning\svn\trunk\src\flexiblearning2\protected\controllers\SiteController.php:53)
Stack trace:
#0 D:\PHP's Projects\flexiblearning\svn\trunk\src\flexiblearning2\framework\web\filters\CFilterChain.php(134): SiteController->runAction()
#1 D:\PHP's Projects\flexiblearning\svn\trunk\src\flexiblearning2\framework\web\filters\CFilter.php(41): CFilterChain->run()
#2 D:\PHP's Projects\flexiblearning\svn\trunk\src\flexiblearning2\framework\web\CController.php(1144): CAccessControlFilter->filter()
#3 D:\PHP's Projects\flexiblearning\svn\trunk\src\flexiblearning2\framework\web\filters\CInlineFilter.php(59): SiteController->filterAccessControl()
#4 D:\PHP's Projects\flexiblearning\svn\trunk\src\flexiblearning2\framework\web\filters\CFilterChain.php(131): CInlineFilter->filter()
#5 D:\PHP's Projects\flexiblearning\svn\trunk\src\flexiblearning2\framework\web\CController.php(283): CFilterChain->run()
#6 D:\PHP's Projects\flexiblearning\svn\trunk\src\flexiblearning2\framework\web\CController.php(257): SiteController->runActionWithFilters()
#7 D:\PHP's Projects\flexiblearning\svn\trunk\src\flexiblearning2\framework\web\CWebApplication.php(277): SiteController->run()
#8 D:\PHP's Projects\flexiblearning\svn\trunk\src\flexiblearning2\framework\web\CWebApplication.php(136): CWebApplication->runController()
#9 D:\PHP's Projects\flexiblearning\svn\trunk\src\flexiblearning2\framework\base\CApplication.php(158): CWebApplication->processRequest()
#10 D:\PHP's Projects\flexiblearning\svn\trunk\src\flexiblearning2\index.php(13): CWebApplication->run()
REQUEST_URI=/flexiblearning2/en/site/index
in D:\PHP's Projects\flexiblearning\svn\trunk\src\flexiblearning2\protected\controllers\SiteController.php (53)
in D:\PHP's Projects\flexiblearning\svn\trunk\src\flexiblearning2\index.php (13)
2011/12/25 04:34:15 [error] [exception.CHttpException.404] exception 'CHttpException' with message 'Unable to resolve the request "en/category/2/Basic_English".' in D:\PHP's Projects\flexiblearning\svn\trunk\src\flexiblearning2\framework\web\CWebApplication.php:281
Stack trace:
#0 D:\PHP's Projects\flexiblearning\svn\trunk\src\flexiblearning2\framework\web\CWebApplication.php(136): CWebApplication->runController('en/category/2/B...')
#1 D:\PHP's Projects\flexiblearning\svn\trunk\src\flexiblearning2\framework\base\CApplication.php(158): CWebApplication->processRequest()
#2 D:\PHP's Projects\flexiblearning\svn\trunk\src\flexiblearning2\index.php(13): CApplication->run()
#3 {main} REQUEST_URI=/flexiblearning2/en/category/2/Basic_English
2011/12/25 05:02:03 [error] [exception.CException] exception 'CException' with message 'Property "Profession.name" is not defined.' in D:\PHP's Projects\flexiblearning\svn\trunk\src\flexiblearning2\framework\base\CComponent.php:131
Stack trace:
#0 D:\PHP's Projects\flexiblearning\svn\trunk\src\flexiblearning2\framework\db\ar\CActiveRecord.php(129): CComponent->__get('name')
#1 D:\PHP's Projects\flexiblearning\svn\trunk\src\flexiblearning2\framework\web\helpers\CHtml.php(1711): CActiveRecord->__get('name')
#2 D:\PHP's Projects\flexiblearning\svn\trunk\src\flexiblearning2\framework\web\helpers\CHtml.php(1674): CHtml::value(Object(Profession), 'name')
#3 D:\PHP's Projects\flexiblearning\svn\trunk\src\flexiblearning2\protected\views\account\register.php(102): CHtml::listData(Array, 'id', 'name')
#4 D:\PHP's Projects\flexiblearning\svn\trunk\src\flexiblearning2\framework\web\CBaseController.php(119): require('D:\PHP's Projec...')
#5 D:\PHP's Projects\flexiblearning\svn\trunk\src\flexiblearning2\framework\web\CBaseController.php(88): CBaseController->renderInternal('D:\PHP's Projec...', Array, true)
#6 D:\PHP's Projects\flexiblearning\svn\trunk\src\flexiblearning2\framework\web\CController.php(866): CBaseController->renderFile('D:\PHP's Projec...', Array, true)
#7 D:\PHP's Projects\flexiblearning\svn\trunk\src\flexiblearning2\framework\web\CController.php(779): CController->renderPartial('register', Array, true)
#8 D:\PHP's Projects\flexiblearning\svn\trunk\src\flexiblearning2\protected\controllers\AccountController.php(176): CController->render('register', Array)
#9 D:\PHP's Projects\flexiblearning\svn\trunk\src\flexiblearning2\framework\web\actions\CInlineAction.php(50): AccountController->actionRegister()
#10 D:\PHP's Projects\flexiblearning\svn\trunk\src\flexiblearning2\framework\web\CController.php(300): CInlineAction->runWithParams(Array)
#11 D:\PHP's Projects\flexiblearning\svn\trunk\src\flexiblearning2\framework\web\filters\CFilterChain.php(134): CController->runAction(Object(CInlineAction))
#12 D:\PHP's Projects\flexiblearning\svn\trunk\src\flexiblearning2\framework\web\filters\CFilter.php(41): CFilterChain->run()
#13 D:\PHP's Projects\flexiblearning\svn\trunk\src\flexiblearning2\framework\web\CController.php(1144): CFilter->filter(Object(CFilterChain))
#14 D:\PHP's Projects\flexiblearning\svn\trunk\src\flexiblearning2\framework\web\filters\CInlineFilter.php(59): CController->filterAccessControl(Object(CFilterChain))
#15 D:\PHP's Projects\flexiblearning\svn\trunk\src\flexiblearning2\framework\web\filters\CFilterChain.php(131): CInlineFilter->filter(Object(CFilterChain))
#16 D:\PHP's Projects\flexiblearning\svn\trunk\src\flexiblearning2\framework\web\CController.php(283): CFilterChain->run()
#17 D:\PHP's Projects\flexiblearning\svn\trunk\src\flexiblearning2\framework\web\CController.php(257): CController->runActionWithFilters(Object(CInlineAction), Array)
#18 D:\PHP's Projects\flexiblearning\svn\trunk\src\flexiblearning2\framework\web\CWebApplication.php(277): CController->run('register')
#19 D:\PHP's Projects\flexiblearning\svn\trunk\src\flexiblearning2\framework\web\CWebApplication.php(136): CWebApplication->runController('account/registe...')
#20 D:\PHP's Projects\flexiblearning\svn\trunk\src\flexiblearning2\framework\base\CApplication.php(158): CWebApplication->processRequest()
#21 D:\PHP's Projects\flexiblearning\svn\trunk\src\flexiblearning2\index.php(13): CApplication->run()
#22 {main} REQUEST_URI=/flexiblearning2/en/account/register
2011/12/25 05:02:44 [error] [exception.CException] exception 'CException' with message 'Property "Account.dateOfBirth" is not defined.' in D:\PHP's Projects\flexiblearning\svn\trunk\src\flexiblearning2\framework\base\CComponent.php:174
Stack trace:
#0 D:\PHP's Projects\flexiblearning\svn\trunk\src\flexiblearning2\framework\db\ar\CActiveRecord.php(145): CComponent->__set('dateOfBirth', '27/09/1988')
#1 D:\PHP's Projects\flexiblearning\svn\trunk\src\flexiblearning2\framework\base\CModel.php(471): CActiveRecord->__set('dateOfBirth', '27/09/1988')
#2 D:\PHP's Projects\flexiblearning\svn\trunk\src\flexiblearning2\framework\base\CComponent.php(153): CModel->setAttributes(Array)
#3 D:\PHP's Projects\flexiblearning\svn\trunk\src\flexiblearning2\framework\db\ar\CActiveRecord.php(145): CComponent->__set('attributes', Array)
#4 D:\PHP's Projects\flexiblearning\svn\trunk\src\flexiblearning2\protected\controllers\AccountController.php(164): CActiveRecord->__set('attributes', Array)
#5 D:\PHP's Projects\flexiblearning\svn\trunk\src\flexiblearning2\framework\web\actions\CInlineAction.php(50): AccountController->actionRegister()
#6 D:\PHP's Projects\flexiblearning\svn\trunk\src\flexiblearning2\framework\web\CController.php(300): CInlineAction->runWithParams(Array)
#7 D:\PHP's Projects\flexiblearning\svn\trunk\src\flexiblearning2\framework\web\filters\CFilterChain.php(134): CController->runAction(Object(CInlineAction))
#8 D:\PHP's Projects\flexiblearning\svn\trunk\src\flexiblearning2\framework\web\filters\CFilter.php(41): CFilterChain->run()
#9 D:\PHP's Projects\flexiblearning\svn\trunk\src\flexiblearning2\framework\web\CController.php(1144): CFilter->filter(Object(CFilterChain))
#10 D:\PHP's Projects\flexiblearning\svn\trunk\src\flexiblearning2\framework\web\filters\CInlineFilter.php(59): CController->filterAccessControl(Object(CFilterChain))
#11 D:\PHP's Projects\flexiblearning\svn\trunk\src\flexiblearning2\framework\web\filters\CFilterChain.php(131): CInlineFilter->filter(Object(CFilterChain))
#12 D:\PHP's Projects\flexiblearning\svn\trunk\src\flexiblearning2\framework\web\CController.php(283): CFilterChain->run()
#13 D:\PHP's Projects\flexiblearning\svn\trunk\src\flexiblearning2\framework\web\CController.php(257): CController->runActionWithFilters(Object(CInlineAction), Array)
#14 D:\PHP's Projects\flexiblearning\svn\trunk\src\flexiblearning2\framework\web\CWebApplication.php(277): CController->run('register')
#15 D:\PHP's Projects\flexiblearning\svn\trunk\src\flexiblearning2\framework\web\CWebApplication.php(136): CWebApplication->runController('account/registe...')
#16 D:\PHP's Projects\flexiblearning\svn\trunk\src\flexiblearning2\framework\base\CApplication.php(158): CWebApplication->processRequest()
#17 D:\PHP's Projects\flexiblearning\svn\trunk\src\flexiblearning2\index.php(13): CApplication->run()
#18 {main} REQUEST_URI=/flexiblearning2/en/account/register
2011/12/25 05:03:59 [error] [exception.CException] exception 'CException' with message 'Property "Account.idNationality" is not defined.' in D:\PHP's Projects\flexiblearning\svn\trunk\src\flexiblearning2\framework\base\CComponent.php:174
Stack trace:
#0 D:\PHP's Projects\flexiblearning\svn\trunk\src\flexiblearning2\framework\db\ar\CActiveRecord.php(145): CComponent->__set('idNationality', '1')
#1 D:\PHP's Projects\flexiblearning\svn\trunk\src\flexiblearning2\framework\base\CModel.php(471): CActiveRecord->__set('idNationality', '1')
#2 D:\PHP's Projects\flexiblearning\svn\trunk\src\flexiblearning2\framework\base\CComponent.php(153): CModel->setAttributes(Array)
#3 D:\PHP's Projects\flexiblearning\svn\trunk\src\flexiblearning2\framework\db\ar\CActiveRecord.php(145): CComponent->__set('attributes', Array)
#4 D:\PHP's Projects\flexiblearning\svn\trunk\src\flexiblearning2\protected\controllers\AccountController.php(164): CActiveRecord->__set('attributes', Array)
#5 D:\PHP's Projects\flexiblearning\svn\trunk\src\flexiblearning2\framework\web\actions\CInlineAction.php(50): AccountController->actionRegister()
#6 D:\PHP's Projects\flexiblearning\svn\trunk\src\flexiblearning2\framework\web\CController.php(300): CInlineAction->runWithParams(Array)
#7 D:\PHP's Projects\flexiblearning\svn\trunk\src\flexiblearning2\framework\web\filters\CFilterChain.php(134): CController->runAction(Object(CInlineAction))
#8 D:\PHP's Projects\flexiblearning\svn\trunk\src\flexiblearning2\framework\web\filters\CFilter.php(41): CFilterChain->run()
#9 D:\PHP's Projects\flexiblearning\svn\trunk\src\flexiblearning2\framework\web\CController.php(1144): CFilter->filter(Object(CFilterChain))
#10 D:\PHP's Projects\flexiblearning\svn\trunk\src\flexiblearning2\framework\web\filters\CInlineFilter.php(59): CController->filterAccessControl(Object(CFilterChain))
#11 D:\PHP's Projects\flexiblearning\svn\trunk\src\flexiblearning2\framework\web\filters\CFilterChain.php(131): CInlineFilter->filter(Object(CFilterChain))
#12 D:\PHP's Projects\flexiblearning\svn\trunk\src\flexiblearning2\framework\web\CController.php(283): CFilterChain->run()
#13 D:\PHP's Projects\flexiblearning\svn\trunk\src\flexiblearning2\framework\web\CController.php(257): CController->runActionWithFilters(Object(CInlineAction), Array)
#14 D:\PHP's Projects\flexiblearning\svn\trunk\src\flexiblearning2\framework\web\CWebApplication.php(277): CController->run('register')
#15 D:\PHP's Projects\flexiblearning\svn\trunk\src\flexiblearning2\framework\web\CWebApplication.php(136): CWebApplication->runController('account/registe...')
#16 D:\PHP's Projects\flexiblearning\svn\trunk\src\flexiblearning2\framework\base\CApplication.php(158): CWebApplication->processRequest()
#17 D:\PHP's Projects\flexiblearning\svn\trunk\src\flexiblearning2\index.php(13): CApplication->run()
#18 {main} REQUEST_URI=/flexiblearning2/en/account/register
2011/12/25 05:09:02 [error] [exception.CException] exception 'CException' with message 'Property "RegisterForm.idNationality" is not defined.' in D:\PHP's Projects\flexiblearning\svn\trunk\src\flexiblearning2\framework\base\CComponent.php:131
Stack trace:
#0 D:\PHP's Projects\flexiblearning\svn\trunk\src\flexiblearning2\framework\web\helpers\CHtml.php(2063): CComponent->__get('idNationality')
#1 D:\PHP's Projects\flexiblearning\svn\trunk\src\flexiblearning2\framework\web\helpers\CHtml.php(1397): CHtml::resolveValue(Object(RegisterForm), 'idNationality')
#2 D:\PHP's Projects\flexiblearning\svn\trunk\src\flexiblearning2\framework\web\widgets\CActiveForm.php(674): CHtml::activeDropDownList(Object(RegisterForm), 'idNationality', Array, Array)
#3 D:\PHP's Projects\flexiblearning\svn\trunk\src\flexiblearning2\protected\views\account\register.php(96): CActiveForm->dropDownList(Object(RegisterForm), 'idNationality', Array)
#4 D:\PHP's Projects\flexiblearning\svn\trunk\src\flexiblearning2\framework\web\CBaseController.php(119): require('D:\PHP's Projec...')
#5 D:\PHP's Projects\flexiblearning\svn\trunk\src\flexiblearning2\framework\web\CBaseController.php(88): CBaseController->renderInternal('D:\PHP's Projec...', Array, true)
#6 D:\PHP's Projects\flexiblearning\svn\trunk\src\flexiblearning2\framework\web\CController.php(866): CBaseController->renderFile('D:\PHP's Projec...', Array, true)
#7 D:\PHP's Projects\flexiblearning\svn\trunk\src\flexiblearning2\framework\web\CController.php(779): CController->renderPartial('register', Array, true)
#8 D:\PHP's Projects\flexiblearning\svn\trunk\src\flexiblearning2\protected\controllers\AccountController.php(175): CController->render('register', Array)
#9 D:\PHP's Projects\flexiblearning\svn\trunk\src\flexiblearning2\framework\web\actions\CInlineAction.php(50): AccountController->actionRegister()
#10 D:\PHP's Projects\flexiblearning\svn\trunk\src\flexiblearning2\framework\web\CController.php(300): CInlineAction->runWithParams(Array)
#11 D:\PHP's Projects\flexiblearning\svn\trunk\src\flexiblearning2\framework\web\filters\CFilterChain.php(134): CController->runAction(Object(CInlineAction))
#12 D:\PHP's Projects\flexiblearning\svn\trunk\src\flexiblearning2\framework\web\filters\CFilter.php(41): CFilterChain->run()
#13 D:\PHP's Projects\flexiblearning\svn\trunk\src\flexiblearning2\framework\web\CController.php(1144): CFilter->filter(Object(CFilterChain))
#14 D:\PHP's Projects\flexiblearning\svn\trunk\src\flexiblearning2\framework\web\filters\CInlineFilter.php(59): CController->filterAccessControl(Object(CFilterChain))
#15 D:\PHP's Projects\flexiblearning\svn\trunk\src\flexiblearning2\framework\web\filters\CFilterChain.php(131): CInlineFilter->filter(Object(CFilterChain))
#16 D:\PHP's Projects\flexiblearning\svn\trunk\src\flexiblearning2\framework\web\CController.php(283): CFilterChain->run()
#17 D:\PHP's Projects\flexiblearning\svn\trunk\src\flexiblearning2\framework\web\CController.php(257): CController->runActionWithFilters(Object(CInlineAction), Array)
#18 D:\PHP's Projects\flexiblearning\svn\trunk\src\flexiblearning2\framework\web\CWebApplication.php(277): CController->run('register')
#19 D:\PHP's Projects\flexiblearning\svn\trunk\src\flexiblearning2\framework\web\CWebApplication.php(136): CWebApplication->runController('account/registe...')
#20 D:\PHP's Projects\flexiblearning\svn\trunk\src\flexiblearning2\framework\base\CApplication.php(158): CWebApplication->processRequest()
#21 D:\PHP's Projects\flexiblearning\svn\trunk\src\flexiblearning2\index.php(13): CApplication->run()
#22 {main} REQUEST_URI=/flexiblearning2/en/account/register
2011/12/25 05:10:12 [error] [exception.CException] exception 'CException' with message 'Property "RegisterForm.id_Profession" is not defined.' in D:\PHP's Projects\flexiblearning\svn\trunk\src\flexiblearning2\framework\base\CComponent.php:131
Stack trace:
#0 D:\PHP's Projects\flexiblearning\svn\trunk\src\flexiblearning2\framework\web\helpers\CHtml.php(2063): CComponent->__get('id_Profession')
#1 D:\PHP's Projects\flexiblearning\svn\trunk\src\flexiblearning2\framework\web\helpers\CHtml.php(1397): CHtml::resolveValue(Object(RegisterForm), 'id_Profession')
#2 D:\PHP's Projects\flexiblearning\svn\trunk\src\flexiblearning2\framework\web\widgets\CActiveForm.php(674): CHtml::activeDropDownList(Object(RegisterForm), 'id_Profession', Array, Array)
#3 D:\PHP's Projects\flexiblearning\svn\trunk\src\flexiblearning2\protected\views\account\register.php(102): CActiveForm->dropDownList(Object(RegisterForm), 'id_Profession', Array)
#4 D:\PHP's Projects\flexiblearning\svn\trunk\src\flexiblearning2\framework\web\CBaseController.php(119): require('D:\PHP's Projec...')
#5 D:\PHP's Projects\flexiblearning\svn\trunk\src\flexiblearning2\framework\web\CBaseController.php(88): CBaseController->renderInternal('D:\PHP's Projec...', Array, true)
#6 D:\PHP's Projects\flexiblearning\svn\trunk\src\flexiblearning2\framework\web\CController.php(866): CBaseController->renderFile('D:\PHP's Projec...', Array, true)
#7 D:\PHP's Projects\flexiblearning\svn\trunk\src\flexiblearning2\framework\web\CController.php(779): CController->renderPartial('register', Array, true)
#8 D:\PHP's Projects\flexiblearning\svn\trunk\src\flexiblearning2\protected\controllers\AccountController.php(175): CController->render('register', Array)
#9 D:\PHP's Projects\flexiblearning\svn\trunk\src\flexiblearning2\framework\web\actions\CInlineAction.php(50): AccountController->actionRegister()
#10 D:\PHP's Projects\flexiblearning\svn\trunk\src\flexiblearning2\framework\web\CController.php(300): CInlineAction->runWithParams(Array)
#11 D:\PHP's Projects\flexiblearning\svn\trunk\src\flexiblearning2\framework\web\filters\CFilterChain.php(134): CController->runAction(Object(CInlineAction))
#12 D:\PHP's Projects\flexiblearning\svn\trunk\src\flexiblearning2\framework\web\filters\CFilter.php(41): CFilterChain->run()
#13 D:\PHP's Projects\flexiblearning\svn\trunk\src\flexiblearning2\framework\web\CController.php(1144): CFilter->filter(Object(CFilterChain))
#14 D:\PHP's Projects\flexiblearning\svn\trunk\src\flexiblearning2\framework\web\filters\CInlineFilter.php(59): CController->filterAccessControl(Object(CFilterChain))
#15 D:\PHP's Projects\flexiblearning\svn\trunk\src\flexiblearning2\framework\web\filters\CFilterChain.php(131): CInlineFilter->filter(Object(CFilterChain))
#16 D:\PHP's Projects\flexiblearning\svn\trunk\src\flexiblearning2\framework\web\CController.php(283): CFilterChain->run()
#17 D:\PHP's Projects\flexiblearning\svn\trunk\src\flexiblearning2\framework\web\CController.php(257): CController->runActionWithFilters(Object(CInlineAction), Array)
#18 D:\PHP's Projects\flexiblearning\svn\trunk\src\flexiblearning2\framework\web\CWebApplication.php(277): CController->run('register')
#19 D:\PHP's Projects\flexiblearning\svn\trunk\src\flexiblearning2\framework\web\CWebApplication.php(136): CWebApplication->runController('account/registe...')
#20 D:\PHP's Projects\flexiblearning\svn\trunk\src\flexiblearning2\framework\base\CApplication.php(158): CWebApplication->processRequest()
#21 D:\PHP's Projects\flexiblearning\svn\trunk\src\flexiblearning2\index.php(13): CApplication->run()
#22 {main} REQUEST_URI=/flexiblearning2/en/account/register
2011/12/25 05:11:15 [error] [exception.CException] exception 'CException' with message 'Property "Account.id_Nationality" is not defined.' in D:\PHP's Projects\flexiblearning\svn\trunk\src\flexiblearning2\framework\base\CComponent.php:174
Stack trace:
#0 D:\PHP's Projects\flexiblearning\svn\trunk\src\flexiblearning2\framework\db\ar\CActiveRecord.php(145): CComponent->__set('id_Nationality', '1')
#1 D:\PHP's Projects\flexiblearning\svn\trunk\src\flexiblearning2\framework\base\CModel.php(471): CActiveRecord->__set('id_Nationality', '1')
#2 D:\PHP's Projects\flexiblearning\svn\trunk\src\flexiblearning2\framework\base\CComponent.php(153): CModel->setAttributes(Array)
#3 D:\PHP's Projects\flexiblearning\svn\trunk\src\flexiblearning2\framework\db\ar\CActiveRecord.php(145): CComponent->__set('attributes', Array)
#4 D:\PHP's Projects\flexiblearning\svn\trunk\src\flexiblearning2\protected\controllers\AccountController.php(164): CActiveRecord->__set('attributes', Array)
#5 D:\PHP's Projects\flexiblearning\svn\trunk\src\flexiblearning2\framework\web\actions\CInlineAction.php(50): AccountController->actionRegister()
#6 D:\PHP's Projects\flexiblearning\svn\trunk\src\flexiblearning2\framework\web\CController.php(300): CInlineAction->runWithParams(Array)
#7 D:\PHP's Projects\flexiblearning\svn\trunk\src\flexiblearning2\framework\web\filters\CFilterChain.php(134): CController->runAction(Object(CInlineAction))
#8 D:\PHP's Projects\flexiblearning\svn\trunk\src\flexiblearning2\framework\web\filters\CFilter.php(41): CFilterChain->run()
#9 D:\PHP's Projects\flexiblearning\svn\trunk\src\flexiblearning2\framework\web\CController.php(1144): CFilter->filter(Object(CFilterChain))
#10 D:\PHP's Projects\flexiblearning\svn\trunk\src\flexiblearning2\framework\web\filters\CInlineFilter.php(59): CController->filterAccessControl(Object(CFilterChain))
#11 D:\PHP's Projects\flexiblearning\svn\trunk\src\flexiblearning2\framework\web\filters\CFilterChain.php(131): CInlineFilter->filter(Object(CFilterChain))
#12 D:\PHP's Projects\flexiblearning\svn\trunk\src\flexiblearning2\framework\web\CController.php(283): CFilterChain->run()
#13 D:\PHP's Projects\flexiblearning\svn\trunk\src\flexiblearning2\framework\web\CController.php(257): CController->runActionWithFilters(Object(CInlineAction), Array)
#14 D:\PHP's Projects\flexiblearning\svn\trunk\src\flexiblearning2\framework\web\CWebApplication.php(277): CController->run('register')
#15 D:\PHP's Projects\flexiblearning\svn\trunk\src\flexiblearning2\framework\web\CWebApplication.php(136): CWebApplication->runController('account/registe...')
#16 D:\PHP's Projects\flexiblearning\svn\trunk\src\flexiblearning2\framework\base\CApplication.php(158): CWebApplication->processRequest()
#17 D:\PHP's Projects\flexiblearning\svn\trunk\src\flexiblearning2\index.php(13): CApplication->run()
#18 {main} REQUEST_URI=/flexiblearning2/en/account/register
2011/12/25 05:13:52 [warning] [application] Failed to set unsafe attribute "id_Nationality" of "Account".
in D:\PHP's Projects\flexiblearning\svn\trunk\src\flexiblearning2\protected\controllers\AccountController.php (164)
in D:\PHP's Projects\flexiblearning\svn\trunk\src\flexiblearning2\index.php (13)
2011/12/25 05:13:52 [warning] [application] Failed to set unsafe attribute "id_Profession" of "Account".
in D:\PHP's Projects\flexiblearning\svn\trunk\src\flexiblearning2\protected\controllers\AccountController.php (164)
in D:\PHP's Projects\flexiblearning\svn\trunk\src\flexiblearning2\index.php (13)
2011/12/25 05:13:52 [warning] [application] Failed to set unsafe attribute "verifiedCode" of "Account".
in D:\PHP's Projects\flexiblearning\svn\trunk\src\flexiblearning2\protected\controllers\AccountController.php (164)
in D:\PHP's Projects\flexiblearning\svn\trunk\src\flexiblearning2\index.php (13)
2011/12/25 05:13:52 [warning] [application] Failed to set unsafe attribute "password_repeat" of "Account".
in D:\PHP's Projects\flexiblearning\svn\trunk\src\flexiblearning2\protected\controllers\AccountController.php (164)
in D:\PHP's Projects\flexiblearning\svn\trunk\src\flexiblearning2\index.php (13)
2011/12/25 05:13:52 [error] [exception.CException] exception 'CException' with message 'Property "Account.updated_by" is not defined.' in D:\PHP's Projects\flexiblearning\svn\trunk\src\flexiblearning2\framework\base\CComponent.php:174
Stack trace:
#0 D:\PHP's Projects\flexiblearning\svn\trunk\src\flexiblearning2\framework\db\ar\CActiveRecord.php(145): CComponent->__set('updated_by', NULL)
#1 D:\PHP's Projects\flexiblearning\svn\trunk\src\flexiblearning2\protected\models\Base.php(23): CActiveRecord->__set('updated_by', NULL)
#2 D:\PHP's Projects\flexiblearning\svn\trunk\src\flexiblearning2\framework\base\CModel.php(149): Base->beforeValidate()
#3 D:\PHP's Projects\flexiblearning\svn\trunk\src\flexiblearning2\framework\db\ar\CActiveRecord.php(780): CModel->validate(NULL)
#4 D:\PHP's Projects\flexiblearning\svn\trunk\src\flexiblearning2\protected\controllers\AccountController.php(166): CActiveRecord->save()
#5 D:\PHP's Projects\flexiblearning\svn\trunk\src\flexiblearning2\framework\web\actions\CInlineAction.php(50): AccountController->actionRegister()
#6 D:\PHP's Projects\flexiblearning\svn\trunk\src\flexiblearning2\framework\web\CController.php(300): CInlineAction->runWithParams(Array)
#7 D:\PHP's Projects\flexiblearning\svn\trunk\src\flexiblearning2\framework\web\filters\CFilterChain.php(134): CController->runAction(Object(CInlineAction))
#8 D:\PHP's Projects\flexiblearning\svn\trunk\src\flexiblearning2\framework\web\filters\CFilter.php(41): CFilterChain->run()
#9 D:\PHP's Projects\flexiblearning\svn\trunk\src\flexiblearning2\framework\web\CController.php(1144): CFilter->filter(Object(CFilterChain))
#10 D:\PHP's Projects\flexiblearning\svn\trunk\src\flexiblearning2\framework\web\filters\CInlineFilter.php(59): CController->filterAccessControl(Object(CFilterChain))
#11 D:\PHP's Projects\flexiblearning\svn\trunk\src\flexiblearning2\framework\web\filters\CFilterChain.php(131): CInlineFilter->filter(Object(CFilterChain))
#12 D:\PHP's Projects\flexiblearning\svn\trunk\src\flexiblearning2\framework\web\CController.php(283): CFilterChain->run()
#13 D:\PHP's Projects\flexiblearning\svn\trunk\src\flexiblearning2\framework\web\CController.php(257): CController->runActionWithFilters(Object(CInlineAction), Array)
#14 D:\PHP's Projects\flexiblearning\svn\trunk\src\flexiblearning2\framework\web\CWebApplication.php(277): CController->run('register')
#15 D:\PHP's Projects\flexiblearning\svn\trunk\src\flexiblearning2\framework\web\CWebApplication.php(136): CWebApplication->runController('account/registe...')
#16 D:\PHP's Projects\flexiblearning\svn\trunk\src\flexiblearning2\framework\base\CApplication.php(158): CWebApplication->processRequest()
#17 D:\PHP's Projects\flexiblearning\svn\trunk\src\flexiblearning2\index.php(13): CApplication->run()
#18 {main} REQUEST_URI=/flexiblearning2/en/account/register
2011/12/25 05:14:17 [warning] [application] Failed to set unsafe attribute "id_Nationality" of "Account".
in D:\PHP's Projects\flexiblearning\svn\trunk\src\flexiblearning2\protected\controllers\AccountController.php (164)
in D:\PHP's Projects\flexiblearning\svn\trunk\src\flexiblearning2\index.php (13)
2011/12/25 05:14:17 [warning] [application] Failed to set unsafe attribute "id_Profession" of "Account".
in D:\PHP's Projects\flexiblearning\svn\trunk\src\flexiblearning2\protected\controllers\AccountController.php (164)
in D:\PHP's Projects\flexiblearning\svn\trunk\src\flexiblearning2\index.php (13)
2011/12/25 05:14:17 [warning] [application] Failed to set unsafe attribute "verifiedCode" of "Account".
in D:\PHP's Projects\flexiblearning\svn\trunk\src\flexiblearning2\protected\controllers\AccountController.php (164)
in D:\PHP's Projects\flexiblearning\svn\trunk\src\flexiblearning2\index.php (13)
2011/12/25 05:14:17 [warning] [application] Failed to set unsafe attribute "password_repeat" of "Account".
in D:\PHP's Projects\flexiblearning\svn\trunk\src\flexiblearning2\protected\controllers\AccountController.php (164)
in D:\PHP's Projects\flexiblearning\svn\trunk\src\flexiblearning2\index.php (13)
2011/12/25 05:14:17 [error] [exception.CException] exception 'CException' with message 'Property "Account.idRole" is not defined.' in D:\PHP's Projects\flexiblearning\svn\trunk\src\flexiblearning2\framework\base\CComponent.php:131
Stack trace:
#0 D:\PHP's Projects\flexiblearning\svn\trunk\src\flexiblearning2\framework\db\ar\CActiveRecord.php(129): CComponent->__get('idRole')
#1 D:\PHP's Projects\flexiblearning\svn\trunk\src\flexiblearning2\protected\models\Base.php(40): CActiveRecord->__get('idRole')
#2 D:\PHP's Projects\flexiblearning\svn\trunk\src\flexiblearning2\framework\validators\CRequiredValidator.php(46): Base->__get('idRole')
#3 D:\PHP's Projects\flexiblearning\svn\trunk\src\flexiblearning2\framework\validators\CValidator.php(192): CRequiredValidator->validateAttribute(Object(Account), 'idRole')
#4 D:\PHP's Projects\flexiblearning\svn\trunk\src\flexiblearning2\framework\base\CModel.php(152): CValidator->validate(Object(Account), NULL)
#5 D:\PHP's Projects\flexiblearning\svn\trunk\src\flexiblearning2\framework\db\ar\CActiveRecord.php(780): CModel->validate(NULL)
#6 D:\PHP's Projects\flexiblearning\svn\trunk\src\flexiblearning2\protected\controllers\AccountController.php(166): CActiveRecord->save()
#7 D:\PHP's Projects\flexiblearning\svn\trunk\src\flexiblearning2\framework\web\actions\CInlineAction.php(50): AccountController->actionRegister()
#8 D:\PHP's Projects\flexiblearning\svn\trunk\src\flexiblearning2\framework\web\CController.php(300): CInlineAction->runWithParams(Array)
#9 D:\PHP's Projects\flexiblearning\svn\trunk\src\flexiblearning2\framework\web\filters\CFilterChain.php(134): CController->runAction(Object(CInlineAction))
#10 D:\PHP's Projects\flexiblearning\svn\trunk\src\flexiblearning2\framework\web\filters\CFilter.php(41): CFilterChain->run()
#11 D:\PHP's Projects\flexiblearning\svn\trunk\src\flexiblearning2\framework\web\CController.php(1144): CFilter->filter(Object(CFilterChain))
#12 D:\PHP's Projects\flexiblearning\svn\trunk\src\flexiblearning2\framework\web\filters\CInlineFilter.php(59): CController->filterAccessControl(Object(CFilterChain))
#13 D:\PHP's Projects\flexiblearning\svn\trunk\src\flexiblearning2\framework\web\filters\CFilterChain.php(131): CInlineFilter->filter(Object(CFilterChain))
#14 D:\PHP's Projects\flexiblearning\svn\trunk\src\flexiblearning2\framework\web\CController.php(283): CFilterChain->run()
#15 D:\PHP's Projects\flexiblearning\svn\trunk\src\flexiblearning2\framework\web\CController.php(257): CController->runActionWithFilters(Object(CInlineAction), Array)
#16 D:\PHP's Projects\flexiblearning\svn\trunk\src\flexiblearning2\framework\web\CWebApplication.php(277): CController->run('register')
#17 D:\PHP's Projects\flexiblearning\svn\trunk\src\flexiblearning2\framework\web\CWebApplication.php(136): CWebApplication->runController('account/registe...')
#18 D:\PHP's Projects\flexiblearning\svn\trunk\src\flexiblearning2\framework\base\CApplication.php(158): CWebApplication->processRequest()
#19 D:\PHP's Projects\flexiblearning\svn\trunk\src\flexiblearning2\index.php(13): CApplication->run()
#20 {main} REQUEST_URI=/flexiblearning2/en/account/register
2011/12/25 05:15:14 [warning] [application] Failed to set unsafe attribute "id_Nationality" of "Account".
in D:\PHP's Projects\flexiblearning\svn\trunk\src\flexiblearning2\protected\controllers\AccountController.php (164)
in D:\PHP's Projects\flexiblearning\svn\trunk\src\flexiblearning2\index.php (13)
2011/12/25 05:15:14 [warning] [application] Failed to set unsafe attribute "id_Profession" of "Account".
in D:\PHP's Projects\flexiblearning\svn\trunk\src\flexiblearning2\protected\controllers\AccountController.php (164)
in D:\PHP's Projects\flexiblearning\svn\trunk\src\flexiblearning2\index.php (13)
2011/12/25 05:15:14 [warning] [application] Failed to set unsafe attribute "verifiedCode" of "Account".
in D:\PHP's Projects\flexiblearning\svn\trunk\src\flexiblearning2\protected\controllers\AccountController.php (164)
in D:\PHP's Projects\flexiblearning\svn\trunk\src\flexiblearning2\index.php (13)
2011/12/25 05:15:14 [warning] [application] Failed to set unsafe attribute "password_repeat" of "Account".
in D:\PHP's Projects\flexiblearning\svn\trunk\src\flexiblearning2\protected\controllers\AccountController.php (164)
in D:\PHP's Projects\flexiblearning\svn\trunk\src\flexiblearning2\index.php (13)
2011/12/25 05:15:14 [error] [exception.CException] exception 'CException' with message 'Property "Account.lastLoginDate" is not defined.' in D:\PHP's Projects\flexiblearning\svn\trunk\src\flexiblearning2\framework\base\CComponent.php:131
Stack trace:
#0 D:\PHP's Projects\flexiblearning\svn\trunk\src\flexiblearning2\framework\db\ar\CActiveRecord.php(129): CComponent->__get('lastLoginDate')
#1 D:\PHP's Projects\flexiblearning\svn\trunk\src\flexiblearning2\protected\models\Base.php(40): CActiveRecord->__get('lastLoginDate')
#2 D:\PHP's Projects\flexiblearning\svn\trunk\src\flexiblearning2\framework\validators\CNumberValidator.php(66): Base->__get('lastLoginDate')
#3 D:\PHP's Projects\flexiblearning\svn\trunk\src\flexiblearning2\framework\validators\CValidator.php(192): CNumberValidator->validateAttribute(Object(Account), 'lastLoginDate')
#4 D:\PHP's Projects\flexiblearning\svn\trunk\src\flexiblearning2\framework\base\CModel.php(152): CValidator->validate(Object(Account), NULL)
#5 D:\PHP's Projects\flexiblearning\svn\trunk\src\flexiblearning2\framework\db\ar\CActiveRecord.php(780): CModel->validate(NULL)
#6 D:\PHP's Projects\flexiblearning\svn\trunk\src\flexiblearning2\protected\controllers\AccountController.php(166): CActiveRecord->save()
#7 D:\PHP's Projects\flexiblearning\svn\trunk\src\flexiblearning2\framework\web\actions\CInlineAction.php(50): AccountController->actionRegister()
#8 D:\PHP's Projects\flexiblearning\svn\trunk\src\flexiblearning2\framework\web\CController.php(300): CInlineAction->runWithParams(Array)
#9 D:\PHP's Projects\flexiblearning\svn\trunk\src\flexiblearning2\framework\web\filters\CFilterChain.php(134): CController->runAction(Object(CInlineAction))
#10 D:\PHP's Projects\flexiblearning\svn\trunk\src\flexiblearning2\framework\web\filters\CFilter.php(41): CFilterChain->run()
#11 D:\PHP's Projects\flexiblearning\svn\trunk\src\flexiblearning2\framework\web\CController.php(1144): CFilter->filter(Object(CFilterChain))
#12 D:\PHP's Projects\flexiblearning\svn\trunk\src\flexiblearning2\framework\web\filters\CInlineFilter.php(59): CController->filterAccessControl(Object(CFilterChain))
#13 D:\PHP's Projects\flexiblearning\svn\trunk\src\flexiblearning2\framework\web\filters\CFilterChain.php(131): CInlineFilter->filter(Object(CFilterChain))
#14 D:\PHP's Projects\flexiblearning\svn\trunk\src\flexiblearning2\framework\web\CController.php(283): CFilterChain->run()
#15 D:\PHP's Projects\flexiblearning\svn\trunk\src\flexiblearning2\framework\web\CController.php(257): CController->runActionWithFilters(Object(CInlineAction), Array)
#16 D:\PHP's Projects\flexiblearning\svn\trunk\src\flexiblearning2\framework\web\CWebApplication.php(277): CController->run('register')
#17 D:\PHP's Projects\flexiblearning\svn\trunk\src\flexiblearning2\framework\web\CWebApplication.php(136): CWebApplication->runController('account/registe...')
#18 D:\PHP's Projects\flexiblearning\svn\trunk\src\flexiblearning2\framework\base\CApplication.php(158): CWebApplication->processRequest()
#19 D:\PHP's Projects\flexiblearning\svn\trunk\src\flexiblearning2\index.php(13): CApplication->run()
#20 {main} REQUEST_URI=/flexiblearning2/en/account/register
2011/12/25 05:16:33 [warning] [application] Failed to set unsafe attribute "id_Nationality" of "Account".
in D:\PHP's Projects\flexiblearning\svn\trunk\src\flexiblearning2\protected\controllers\AccountController.php (164)
in D:\PHP's Projects\flexiblearning\svn\trunk\src\flexiblearning2\index.php (13)
2011/12/25 05:16:33 [warning] [application] Failed to set unsafe attribute "id_Profession" of "Account".
in D:\PHP's Projects\flexiblearning\svn\trunk\src\flexiblearning2\protected\controllers\AccountController.php (164)
in D:\PHP's Projects\flexiblearning\svn\trunk\src\flexiblearning2\index.php (13)
2011/12/25 05:16:33 [warning] [application] Failed to set unsafe attribute "verifiedCode" of "Account".
in D:\PHP's Projects\flexiblearning\svn\trunk\src\flexiblearning2\protected\controllers\AccountController.php (164)
in D:\PHP's Projects\flexiblearning\svn\trunk\src\flexiblearning2\index.php (13)
2011/12/25 05:16:33 [warning] [application] Failed to set unsafe attribute "password_repeat" of "Account".
in D:\PHP's Projects\flexiblearning\svn\trunk\src\flexiblearning2\protected\controllers\AccountController.php (164)
in D:\PHP's Projects\flexiblearning\svn\trunk\src\flexiblearning2\index.php (13)
2011/12/25 05:16:33 [error] [exception.CException] exception 'CException' with message 'Property "Account.avatar" is not defined.' in D:\PHP's Projects\flexiblearning\svn\trunk\src\flexiblearning2\framework\base\CComponent.php:131
Stack trace:
#0 D:\PHP's Projects\flexiblearning\svn\trunk\src\flexiblearning2\framework\db\ar\CActiveRecord.php(129): CComponent->__get('avatar')
#1 D:\PHP's Projects\flexiblearning\svn\trunk\src\flexiblearning2\protected\models\Base.php(40): CActiveRecord->__get('avatar')
#2 D:\PHP's Projects\flexiblearning\svn\trunk\src\flexiblearning2\framework\validators\CStringValidator.php(67): Base->__get('avatar')
#3 D:\PHP's Projects\flexiblearning\svn\trunk\src\flexiblearning2\framework\validators\CValidator.php(192): CStringValidator->validateAttribute(Object(Account), 'avatar')
#4 D:\PHP's Projects\flexiblearning\svn\trunk\src\flexiblearning2\framework\base\CModel.php(152): CValidator->validate(Object(Account), NULL)
#5 D:\PHP's Projects\flexiblearning\svn\trunk\src\flexiblearning2\framework\db\ar\CActiveRecord.php(780): CModel->validate(NULL)
#6 D:\PHP's Projects\flexiblearning\svn\trunk\src\flexiblearning2\protected\controllers\AccountController.php(166): CActiveRecord->save()
#7 D:\PHP's Projects\flexiblearning\svn\trunk\src\flexiblearning2\framework\web\actions\CInlineAction.php(50): AccountController->actionRegister()
#8 D:\PHP's Projects\flexiblearning\svn\trunk\src\flexiblearning2\framework\web\CController.php(300): CInlineAction->runWithParams(Array)
#9 D:\PHP's Projects\flexiblearning\svn\trunk\src\flexiblearning2\framework\web\filters\CFilterChain.php(134): CController->runAction(Object(CInlineAction))
#10 D:\PHP's Projects\flexiblearning\svn\trunk\src\flexiblearning2\framework\web\filters\CFilter.php(41): CFilterChain->run()
#11 D:\PHP's Projects\flexiblearning\svn\trunk\src\flexiblearning2\framework\web\CController.php(1144): CFilter->filter(Object(CFilterChain))
#12 D:\PHP's Projects\flexiblearning\svn\trunk\src\flexiblearning2\framework\web\filters\CInlineFilter.php(59): CController->filterAccessControl(Object(CFilterChain))
#13 D:\PHP's Projects\flexiblearning\svn\trunk\src\flexiblearning2\framework\web\filters\CFilterChain.php(131): CInlineFilter->filter(Object(CFilterChain))
#14 D:\PHP's Projects\flexiblearning\svn\trunk\src\flexiblearning2\framework\web\CController.php(283): CFilterChain->run()
#15 D:\PHP's Projects\flexiblearning\svn\trunk\src\flexiblearning2\framework\web\CController.php(257): CController->runActionWithFilters(Object(CInlineAction), Array)
#16 D:\PHP's Projects\flexiblearning\svn\trunk\src\flexiblearning2\framework\web\CWebApplication.php(277): CController->run('register')
#17 D:\PHP's Projects\flexiblearning\svn\trunk\src\flexiblearning2\framework\web\CWebApplication.php(136): CWebApplication->runController('account/registe...')
#18 D:\PHP's Projects\flexiblearning\svn\trunk\src\flexiblearning2\framework\base\CApplication.php(158): CWebApplication->processRequest()
#19 D:\PHP's Projects\flexiblearning\svn\trunk\src\flexiblearning2\index.php(13): CApplication->run()
#20 {main} REQUEST_URI=/flexiblearning2/en/account/register
2011/12/25 05:19:10 [warning] [application] Failed to set unsafe attribute "id_Nationality" of "Account".
in D:\PHP's Projects\flexiblearning\svn\trunk\src\flexiblearning2\protected\controllers\AccountController.php (164)
in D:\PHP's Projects\flexiblearning\svn\trunk\src\flexiblearning2\index.php (13)
2011/12/25 05:19:10 [warning] [application] Failed to set unsafe attribute "id_Profession" of "Account".
in D:\PHP's Projects\flexiblearning\svn\trunk\src\flexiblearning2\protected\controllers\AccountController.php (164)
in D:\PHP's Projects\flexiblearning\svn\trunk\src\flexiblearning2\index.php (13)
2011/12/25 05:19:10 [warning] [application] Failed to set unsafe attribute "verifiedCode" of "Account".
in D:\PHP's Projects\flexiblearning\svn\trunk\src\flexiblearning2\protected\controllers\AccountController.php (164)
in D:\PHP's Projects\flexiblearning\svn\trunk\src\flexiblearning2\index.php (13)
2011/12/25 05:19:10 [warning] [application] Failed to set unsafe attribute "password_repeat" of "Account".
in D:\PHP's Projects\flexiblearning\svn\trunk\src\flexiblearning2\protected\controllers\AccountController.php (164)
in D:\PHP's Projects\flexiblearning\svn\trunk\src\flexiblearning2\index.php (13)
2011/12/25 05:19:10 [error] [exception.CException] exception 'CException' with message 'Property "Account.avatar" is not defined.' in D:\PHP's Projects\flexiblearning\svn\trunk\src\flexiblearning2\framework\base\CComponent.php:131
Stack trace:
#0 D:\PHP's Projects\flexiblearning\svn\trunk\src\flexiblearning2\framework\db\ar\CActiveRecord.php(129): CComponent->__get('avatar')
#1 D:\PHP's Projects\flexiblearning\svn\trunk\src\flexiblearning2\protected\models\Base.php(40): CActiveRecord->__get('avatar')
#2 D:\PHP's Projects\flexiblearning\svn\trunk\src\flexiblearning2\framework\validators\CStringValidator.php(67): Base->__get('avatar')
#3 D:\PHP's Projects\flexiblearning\svn\trunk\src\flexiblearning2\framework\validators\CValidator.php(192): CStringValidator->validateAttribute(Object(Account), 'avatar')
#4 D:\PHP's Projects\flexiblearning\svn\trunk\src\flexiblearning2\framework\base\CModel.php(152): CValidator->validate(Object(Account), NULL)
#5 D:\PHP's Projects\flexiblearning\svn\trunk\src\flexiblearning2\framework\db\ar\CActiveRecord.php(780): CModel->validate(NULL)
#6 D:\PHP's Projects\flexiblearning\svn\trunk\src\flexiblearning2\protected\controllers\AccountController.php(166): CActiveRecord->save()
#7 D:\PHP's Projects\flexiblearning\svn\trunk\src\flexiblearning2\framework\web\actions\CInlineAction.php(50): AccountController->actionRegister()
#8 D:\PHP's Projects\flexiblearning\svn\trunk\src\flexiblearning2\framework\web\CController.php(300): CInlineAction->runWithParams(Array)
#9 D:\PHP's Projects\flexiblearning\svn\trunk\src\flexiblearning2\framework\web\filters\CFilterChain.php(134): CController->runAction(Object(CInlineAction))
#10 D:\PHP's Projects\flexiblearning\svn\trunk\src\flexiblearning2\framework\web\filters\CFilter.php(41): CFilterChain->run()
#11 D:\PHP's Projects\flexiblearning\svn\trunk\src\flexiblearning2\framework\web\CController.php(1144): CFilter->filter(Object(CFilterChain))
#12 D:\PHP's Projects\flexiblearning\svn\trunk\src\flexiblearning2\framework\web\filters\CInlineFilter.php(59): CController->filterAccessControl(Object(CFilterChain))
#13 D:\PHP's Projects\flexiblearning\svn\trunk\src\flexiblearning2\framework\web\filters\CFilterChain.php(131): CInlineFilter->filter(Object(CFilterChain))
#14 D:\PHP's Projects\flexiblearning\svn\trunk\src\flexiblearning2\framework\web\CController.php(283): CFilterChain->run()
#15 D:\PHP's Projects\flexiblearning\svn\trunk\src\flexiblearning2\framework\web\CController.php(257): CController->runActionWithFilters(Object(CInlineAction), Array)
#16 D:\PHP's Projects\flexiblearning\svn\trunk\src\flexiblearning2\framework\web\CWebApplication.php(277): CController->run('register')
#17 D:\PHP's Projects\flexiblearning\svn\trunk\src\flexiblearning2\framework\web\CWebApplication.php(136): CWebApplication->runController('account/registe...')
#18 D:\PHP's Projects\flexiblearning\svn\trunk\src\flexiblearning2\framework\base\CApplication.php(158): CWebApplication->processRequest()
#19 D:\PHP's Projects\flexiblearning\svn\trunk\src\flexiblearning2\index.php(13): CApplication->run()
#20 {main} REQUEST_URI=/flexiblearning2/en/account/register
2011/12/25 05:19:39 [warning] [application] Failed to set unsafe attribute "id_Nationality" of "Account".
in D:\PHP's Projects\flexiblearning\svn\trunk\src\flexiblearning2\protected\controllers\AccountController.php (164)
in D:\PHP's Projects\flexiblearning\svn\trunk\src\flexiblearning2\index.php (13)
2011/12/25 05:19:39 [warning] [application] Failed to set unsafe attribute "id_Profession" of "Account".
in D:\PHP's Projects\flexiblearning\svn\trunk\src\flexiblearning2\protected\controllers\AccountController.php (164)
in D:\PHP's Projects\flexiblearning\svn\trunk\src\flexiblearning2\index.php (13)
2011/12/25 05:19:39 [warning] [application] Failed to set unsafe attribute "verifiedCode" of "Account".
in D:\PHP's Projects\flexiblearning\svn\trunk\src\flexiblearning2\protected\controllers\AccountController.php (164)
in D:\PHP's Projects\flexiblearning\svn\trunk\src\flexiblearning2\index.php (13)
2011/12/25 05:19:39 [warning] [application] Failed to set unsafe attribute "password_repeat" of "Account".
in D:\PHP's Projects\flexiblearning\svn\trunk\src\flexiblearning2\protected\controllers\AccountController.php (164)
in D:\PHP's Projects\flexiblearning\svn\trunk\src\flexiblearning2\index.php (13)
2011/12/25 05:21:23 [warning] [application] Failed to set unsafe attribute "id_Nationality" of "Account".
in D:\PHP's Projects\flexiblearning\svn\trunk\src\flexiblearning2\protected\controllers\AccountController.php (164)
in D:\PHP's Projects\flexiblearning\svn\trunk\src\flexiblearning2\index.php (13)
2011/12/25 05:21:23 [warning] [application] Failed to set unsafe attribute "id_Profession" of "Account".
in D:\PHP's Projects\flexiblearning\svn\trunk\src\flexiblearning2\protected\controllers\AccountController.php (164)
in D:\PHP's Projects\flexiblearning\svn\trunk\src\flexiblearning2\index.php (13)
2011/12/25 05:21:23 [warning] [application] Failed to set unsafe attribute "verifiedCode" of "Account".
in D:\PHP's Projects\flexiblearning\svn\trunk\src\flexiblearning2\protected\controllers\AccountController.php (164)
in D:\PHP's Projects\flexiblearning\svn\trunk\src\flexiblearning2\index.php (13)
2011/12/25 05:21:23 [warning] [application] Failed to set unsafe attribute "password_repeat" of "Account".
in D:\PHP's Projects\flexiblearning\svn\trunk\src\flexiblearning2\protected\controllers\AccountController.php (164)
in D:\PHP's Projects\flexiblearning\svn\trunk\src\flexiblearning2\index.php (13)
2011/12/25 05:22:41 [error] [exception.CException] exception 'CException' with message 'Property "RegisterForm.id_nationality" is not defined.' in D:\PHP's Projects\flexiblearning\svn\trunk\src\flexiblearning2\framework\base\CComponent.php:131
Stack trace:
#0 D:\PHP's Projects\flexiblearning\svn\trunk\src\flexiblearning2\framework\web\helpers\CHtml.php(2063): CComponent->__get('id_nationality')
#1 D:\PHP's Projects\flexiblearning\svn\trunk\src\flexiblearning2\framework\web\helpers\CHtml.php(1397): CHtml::resolveValue(Object(RegisterForm), 'id_nationality')
#2 D:\PHP's Projects\flexiblearning\svn\trunk\src\flexiblearning2\framework\web\widgets\CActiveForm.php(674): CHtml::activeDropDownList(Object(RegisterForm), 'id_nationality', Array, Array)
#3 D:\PHP's Projects\flexiblearning\svn\trunk\src\flexiblearning2\protected\views\account\register.php(96): CActiveForm->dropDownList(Object(RegisterForm), 'id_nationality', Array)
#4 D:\PHP's Projects\flexiblearning\svn\trunk\src\flexiblearning2\framework\web\CBaseController.php(119): require('D:\PHP's Projec...')
#5 D:\PHP's Projects\flexiblearning\svn\trunk\src\flexiblearning2\framework\web\CBaseController.php(88): CBaseController->renderInternal('D:\PHP's Projec...', Array, true)
#6 D:\PHP's Projects\flexiblearning\svn\trunk\src\flexiblearning2\framework\web\CController.php(866): CBaseController->renderFile('D:\PHP's Projec...', Array, true)
#7 D:\PHP's Projects\flexiblearning\svn\trunk\src\flexiblearning2\framework\web\CController.php(779): CController->renderPartial('register', Array, true)
#8 D:\PHP's Projects\flexiblearning\svn\trunk\src\flexiblearning2\protected\controllers\AccountController.php(175): CController->render('register', Array)
#9 D:\PHP's Projects\flexiblearning\svn\trunk\src\flexiblearning2\framework\web\actions\CInlineAction.php(50): AccountController->actionRegister()
#10 D:\PHP's Projects\flexiblearning\svn\trunk\src\flexiblearning2\framework\web\CController.php(300): CInlineAction->runWithParams(Array)
#11 D:\PHP's Projects\flexiblearning\svn\trunk\src\flexiblearning2\framework\web\filters\CFilterChain.php(134): CController->runAction(Object(CInlineAction))
#12 D:\PHP's Projects\flexiblearning\svn\trunk\src\flexiblearning2\framework\web\filters\CFilter.php(41): CFilterChain->run()
#13 D:\PHP's Projects\flexiblearning\svn\trunk\src\flexiblearning2\framework\web\CController.php(1144): CFilter->filter(Object(CFilterChain))
#14 D:\PHP's Projects\flexiblearning\svn\trunk\src\flexiblearning2\framework\web\filters\CInlineFilter.php(59): CController->filterAccessControl(Object(CFilterChain))
#15 D:\PHP's Projects\flexiblearning\svn\trunk\src\flexiblearning2\framework\web\filters\CFilterChain.php(131): CInlineFilter->filter(Object(CFilterChain))
#16 D:\PHP's Projects\flexiblearning\svn\trunk\src\flexiblearning2\framework\web\CController.php(283): CFilterChain->run()
#17 D:\PHP's Projects\flexiblearning\svn\trunk\src\flexiblearning2\framework\web\CController.php(257): CController->runActionWithFilters(Object(CInlineAction), Array)
#18 D:\PHP's Projects\flexiblearning\svn\trunk\src\flexiblearning2\framework\web\CWebApplication.php(277): CController->run('register')
#19 D:\PHP's Projects\flexiblearning\svn\trunk\src\flexiblearning2\framework\web\CWebApplication.php(136): CWebApplication->runController('account/registe...')
#20 D:\PHP's Projects\flexiblearning\svn\trunk\src\flexiblearning2\framework\base\CApplication.php(158): CWebApplication->processRequest()
#21 D:\PHP's Projects\flexiblearning\svn\trunk\src\flexiblearning2\index.php(13): CApplication->run()
#22 {main} REQUEST_URI=/flexiblearning2/en/account/register
2011/12/25 05:24:05 [warning] [application] Failed to set unsafe attribute "verifiedCode" of "Account".
in D:\PHP's Projects\flexiblearning\svn\trunk\src\flexiblearning2\protected\controllers\AccountController.php (164)
in D:\PHP's Projects\flexiblearning\svn\trunk\src\flexiblearning2\index.php (13)
2011/12/25 05:24:05 [warning] [application] Failed to set unsafe attribute "password_repeat" of "Account".
in D:\PHP's Projects\flexiblearning\svn\trunk\src\flexiblearning2\protected\controllers\AccountController.php (164)
in D:\PHP's Projects\flexiblearning\svn\trunk\src\flexiblearning2\index.php (13)
